DEPRECATION WARNING: alias_method_chain is deprecated. Please, use Module#prepend instead. From module, you can access the original method using super. (called from <top (required)> at /home/tungpham/sendgird_app/config/environment.rb:5)
DEPRECATION WARNING: alias_method_chain is deprecated. Please, use Module#prepend instead. From module, you can access the original method using super. (called from <top (required)> at /home/tungpham/sendgird_app/config/environment.rb:5)
DEPRECATION WARNING: alias_method_chain is deprecated. Please, use Module#prepend instead. From module, you can access the original method using super. (called from <top (required)> at /home/tungpham/sendgird_app/config/environment.rb:5)
DEPRECATION WARNING: before_filter is deprecated and will be removed in Rails 5.1. Use before_action instead. (called from <top (required)> at /home/tungpham/sendgird_app/app/controllers/application_controller.rb:1)
DEPRECATION WARNING: after_filter is deprecated and will be removed in Rails 5.1. Use after_action instead. (called from <top (required)> at /home/tungpham/sendgird_app/app/controllers/application_controller.rb:1)
DEPRECATION WARNING: alias_method_chain is deprecated. Please, use Module#prepend instead. From module, you can access the original method using super. (called from <top (required)> at /home/tungpham/sendgird_app/config/environment.rb:5)
  [1m[35m (106.1ms)[0m  [1m[35mCREATE TABLE "schema_migrations" ("version" varchar PRIMARY KEY) [0m
  [1m[35m (97.9ms)[0m  [1m[35mCREATE TABLE "ar_internal_metadata" ("key" varchar PRIMARY KEY, "value" varchar, "created_at" datetime NOT NULL, "updated_at" datetime NOT NULL) [0m
  [1m[36mActiveRecord::SchemaMigration Load (0.1ms)[0m  [1m[34mSELECT "schema_migrations".* FROM "schema_migrations"[0m
Migrating to CreatePosts (20160229015846)
  [1m[35m (0.1ms)[0m  [1m[36mbegin transaction[0m
  [1m[35m (0.3ms)[0m  [1m[35mCREATE TABLE "posts" ("id" INTEGER PRIMARY KEY AUTOINCREMENT NOT NULL, "body" text, "email" varchar, "created_at" datetime NOT NULL, "updated_at" datetime NOT NULL) [0m
  [1m[35mSQL (0.1ms)[0m  [1m[32mINSERT INTO "schema_migrations" ("version") VALUES (?)[0m  [["version", "20160229015846"]]
  [1m[35m (101.1ms)[0m  [1m[36mcommit transaction[0m
  [1m[36mActiveRecord::InternalMetadata Load (0.1ms)[0m  [1m[34mSELECT  "ar_internal_metadata".* FROM "ar_internal_metadata" ORDER BY "ar_internal_metadata"."key" ASC LIMIT ?[0m  [["LIMIT", 1]]
  [1m[35m (0.0ms)[0m  [1m[36mbegin transaction[0m
  [1m[35mSQL (0.1ms)[0m  [1m[32mINSERT INTO "ar_internal_metadata" ("key", "value", "created_at", "updated_at") VALUES (?, ?, ?, ?)[0m  [["key", "environment"], ["value", "development"], ["created_at", 2016-02-29 02:04:23 UTC], ["updated_at", 2016-02-29 02:04:23 UTC]]
  [1m[35m (95.6ms)[0m  [1m[36mcommit transaction[0m
  [1m[36mActiveRecord::SchemaMigration Load (0.1ms)[0m  [1m[34mSELECT "schema_migrations".* FROM "schema_migrations"[0m
DEPRECATION WARNING: alias_method_chain is deprecated. Please, use Module#prepend instead. From module, you can access the original method using super. (called from <top (required)> at /home/tungpham/sendgird_app/config/environment.rb:5)
DEPRECATION WARNING: before_filter is deprecated and will be removed in Rails 5.1. Use before_action instead. (called from <top (required)> at /home/tungpham/sendgird_app/app/controllers/application_controller.rb:1)
DEPRECATION WARNING: after_filter is deprecated and will be removed in Rails 5.1. Use after_action instead. (called from <top (required)> at /home/tungpham/sendgird_app/app/controllers/application_controller.rb:1)
DEPRECATION WARNING: alias_method_chain is deprecated. Please, use Module#prepend instead. From module, you can access the original method using super. (called from <top (required)> at /home/tungpham/sendgird_app/config/environment.rb:5)
DEPRECATION WARNING: alias_method_chain is deprecated. Please, use Module#prepend instead. From module, you can access the original method using super. (called from <top (required)> at /home/tungpham/sendgird_app/config/environment.rb:5)
DEPRECATION WARNING: alias_method_chain is deprecated. Please, use Module#prepend instead. From module, you can access the original method using super. (called from <top (required)> at /home/tungpham/sendgird_app/config/environment.rb:5)
DEPRECATION WARNING: alias_method_chain is deprecated. Please, use Module#prepend instead. From module, you can access the original method using super. (called from <top (required)> at /home/tungpham/sendgird_app/config/environment.rb:5)
DEPRECATION WARNING: alias_method_chain is deprecated. Please, use Module#prepend instead. From module, you can access the original method using super. (called from <top (required)> at /home/tungpham/sendgird_app/config/environment.rb:5)
DEPRECATION WARNING: alias_method_chain is deprecated. Please, use Module#prepend instead. From module, you can access the original method using super. (called from <top (required)> at /home/tungpham/sendgird_app/config/environment.rb:5)
DEPRECATION WARNING: alias_method_chain is deprecated. Please, use Module#prepend instead. From module, you can access the original method using super. (called from <top (required)> at /home/tungpham/sendgird_app/config/environment.rb:5)
DEPRECATION WARNING: before_filter is deprecated and will be removed in Rails 5.1. Use before_action instead. (called from <top (required)> at /home/tungpham/sendgird_app/app/controllers/application_controller.rb:1)
DEPRECATION WARNING: after_filter is deprecated and will be removed in Rails 5.1. Use after_action instead. (called from <top (required)> at /home/tungpham/sendgird_app/app/controllers/application_controller.rb:1)
DEPRECATION WARNING: alias_method_chain is deprecated. Please, use Module#prepend instead. From module, you can access the original method using super. (called from <top (required)> at /home/tungpham/sendgird_app/config/environment.rb:5)
DEPRECATION WARNING: prepend_before_filter is deprecated and will be removed in Rails 5.1. Use prepend_before_action instead. (called from <top (required)> at /home/tungpham/sendgird_app/config/environment.rb:5)
DEPRECATION WARNING: before_filter is deprecated and will be removed in Rails 5.1. Use before_action instead. (called from <top (required)> at /home/tungpham/sendgird_app/config/environment.rb:5)
DEPRECATION WARNING: after_filter is deprecated and will be removed in Rails 5.1. Use after_action instead. (called from <top (required)> at /home/tungpham/sendgird_app/config/environment.rb:5)
DEPRECATION WARNING: alias_method_chain is deprecated. Please, use Module#prepend instead. From module, you can access the original method using super. (called from <top (required)> at /home/tungpham/sendgird_app/config/environment.rb:5)
DEPRECATION WARNING: prepend_before_filter is deprecated and will be removed in Rails 5.1. Use prepend_before_action instead. (called from <top (required)> at /home/tungpham/sendgird_app/config/environment.rb:5)
DEPRECATION WARNING: before_filter is deprecated and will be removed in Rails 5.1. Use before_action instead. (called from <top (required)> at /home/tungpham/sendgird_app/config/environment.rb:5)
DEPRECATION WARNING: after_filter is deprecated and will be removed in Rails 5.1. Use after_action instead. (called from <top (required)> at /home/tungpham/sendgird_app/config/environment.rb:5)
DEPRECATION WARNING: alias_method_chain is deprecated. Please, use Module#prepend instead. From module, you can access the original method using super. (called from <top (required)> at /home/tungpham/sendgird_app/config/environment.rb:5)
DEPRECATION WARNING: prepend_before_filter is deprecated and will be removed in Rails 5.1. Use prepend_before_action instead. (called from <top (required)> at /home/tungpham/sendgird_app/config/environment.rb:5)
DEPRECATION WARNING: before_filter is deprecated and will be removed in Rails 5.1. Use before_action instead. (called from <top (required)> at /home/tungpham/sendgird_app/config/environment.rb:5)
DEPRECATION WARNING: after_filter is deprecated and will be removed in Rails 5.1. Use after_action instead. (called from <top (required)> at /home/tungpham/sendgird_app/config/environment.rb:5)
DEPRECATION WARNING: alias_method_chain is deprecated. Please, use Module#prepend instead. From module, you can access the original method using super. (called from <top (required)> at /home/tungpham/sendgird_app/config/environment.rb:5)
DEPRECATION WARNING: prepend_before_filter is deprecated and will be removed in Rails 5.1. Use prepend_before_action instead. (called from <top (required)> at /home/tungpham/sendgird_app/config/environment.rb:5)
DEPRECATION WARNING: before_filter is deprecated and will be removed in Rails 5.1. Use before_action instead. (called from <top (required)> at /home/tungpham/sendgird_app/config/environment.rb:5)
DEPRECATION WARNING: after_filter is deprecated and will be removed in Rails 5.1. Use after_action instead. (called from <top (required)> at /home/tungpham/sendgird_app/config/environment.rb:5)
DEPRECATION WARNING: alias_method_chain is deprecated. Please, use Module#prepend instead. From module, you can access the original method using super. (called from <top (required)> at /home/tungpham/sendgird_app/config/environment.rb:5)
Started GET "/" for 127.0.0.1 at 2016-02-29 09:16:36 +0700
  
ActiveRecord::NoDatabaseError (Unknown database 'sendgird_db'):
  
activerecord (5.0.0.beta3) lib/active_record/connection_adapters/mysql2_adapter.rb:27:in `rescue in mysql2_connection'
activerecord (5.0.0.beta3) lib/active_record/connection_adapters/mysql2_adapter.rb:10:in `mysql2_connection'
activerecord (5.0.0.beta3) lib/active_record/connection_adapters/abstract/connection_pool.rb:721:in `new_connection'
activerecord (5.0.0.beta3) lib/active_record/connection_adapters/abstract/connection_pool.rb:765:in `checkout_new_connection'
activerecord (5.0.0.beta3) lib/active_record/connection_adapters/abstract/connection_pool.rb:744:in `try_to_checkout_new_connection'
activerecord (5.0.0.beta3) lib/active_record/connection_adapters/abstract/connection_pool.rb:705:in `acquire_connection'
activerecord (5.0.0.beta3) lib/active_record/connection_adapters/abstract/connection_pool.rb:501:in `checkout'
activerecord (5.0.0.beta3) lib/active_record/connection_adapters/abstract/connection_pool.rb:364:in `connection'
activerecord (5.0.0.beta3) lib/active_record/connection_adapters/abstract/connection_pool.rb:879:in `retrieve_connection'
activerecord (5.0.0.beta3) lib/active_record/connection_handling.rb:113:in `retrieve_connection'
activerecord (5.0.0.beta3) lib/active_record/connection_handling.rb:87:in `connection'
activerecord (5.0.0.beta3) lib/active_record/migration.rb:564:in `connection'
activerecord (5.0.0.beta3) lib/active_record/migration.rb:551:in `call'
actionpack (5.0.0.beta3) lib/action_dispatch/middleware/callbacks.rb:29:in `block in call'
activesupport (5.0.0.beta3) lib/active_support/callbacks.rb:97:in `__run_callbacks__'
activesupport (5.0.0.beta3) lib/active_support/callbacks.rb:750:in `_run_call_callbacks'
activesupport (5.0.0.beta3) lib/active_support/callbacks.rb:90:in `run_callbacks'
actionpack (5.0.0.beta3) lib/action_dispatch/middleware/callbacks.rb:27:in `call'
actionpack (5.0.0.beta3) lib/action_dispatch/middleware/reloader.rb:71:in `call'
actionpack (5.0.0.beta3) lib/action_dispatch/middleware/remote_ip.rb:79:in `call'
actionpack (5.0.0.beta3) lib/action_dispatch/middleware/debug_exceptions.rb:49:in `call'
web-console (3.1.1) lib/web_console/middleware.rb:131:in `call_app'
web-console (3.1.1) lib/web_console/middleware.rb:28:in `block in call'
web-console (3.1.1) lib/web_console/middleware.rb:18:in `catch'
web-console (3.1.1) lib/web_console/middleware.rb:18:in `call'
actionpack (5.0.0.beta3) lib/action_dispatch/middleware/show_exceptions.rb:31:in `call'
railties (5.0.0.beta3) lib/rails/rack/logger.rb:36:in `call_app'
railties (5.0.0.beta3) lib/rails/rack/logger.rb:24:in `block in call'
activesupport (5.0.0.beta3) lib/active_support/tagged_logging.rb:70:in `block in tagged'
activesupport (5.0.0.beta3) lib/active_support/tagged_logging.rb:26:in `tagged'
activesupport (5.0.0.beta3) lib/active_support/tagged_logging.rb:70:in `tagged'
railties (5.0.0.beta3) lib/rails/rack/logger.rb:24:in `call'
actionpack (5.0.0.beta3) lib/action_dispatch/middleware/request_id.rb:24:in `call'
rack (2.0.0.alpha) lib/rack/method_override.rb:22:in `call'
rack (2.0.0.alpha) lib/rack/runtime.rb:22:in `call'
activesupport (5.0.0.beta3) lib/active_support/cache/strategy/local_cache_middleware.rb:28:in `call'
actionpack (5.0.0.beta3) lib/action_dispatch/middleware/load_interlock.rb:13:in `call'
actionpack (5.0.0.beta3) lib/action_dispatch/middleware/static.rb:136:in `call'
rack (2.0.0.alpha) lib/rack/sendfile.rb:111:in `call'
railties (5.0.0.beta3) lib/rails/engine.rb:522:in `call'
puma (3.0.2) lib/puma/configuration.rb:221:in `call'
puma (3.0.2) lib/puma/server.rb:561:in `handle_request'
puma (3.0.2) lib/puma/server.rb:406:in `process_client'
puma (3.0.2) lib/puma/server.rb:271:in `block in run'
puma (3.0.2) lib/puma/thread_pool.rb:111:in `call'
puma (3.0.2) lib/puma/thread_pool.rb:111:in `block in spawn_thread'
  Rendered /home/tungpham/.rvm/gems/ruby-2.2.3/gems/actionpack-5.0.0.beta3/lib/action_dispatch/middleware/templates/rescues/_source.html.erb (2.5ms)
  Rendered /home/tungpham/.rvm/gems/ruby-2.2.3/gems/actionpack-5.0.0.beta3/lib/action_dispatch/middleware/templates/rescues/_trace.html.erb (1.1ms)
  Rendered /home/tungpham/.rvm/gems/ruby-2.2.3/gems/actionpack-5.0.0.beta3/lib/action_dispatch/middleware/templates/rescues/_request_and_response.html.erb (0.5ms)
  Rendered /home/tungpham/.rvm/gems/ruby-2.2.3/gems/actionpack-5.0.0.beta3/lib/action_dispatch/middleware/templates/rescues/diagnostics.html.erb within rescues/layout (18.7ms)
  Rendered /home/tungpham/.rvm/gems/ruby-2.2.3/gems/web-console-3.1.1/lib/web_console/templates/_markup.html.erb (0.2ms)
  Rendered /home/tungpham/.rvm/gems/ruby-2.2.3/gems/web-console-3.1.1/lib/web_console/templates/_inner_console_markup.html.erb within layouts/inlined_string (0.4ms)
  Rendered /home/tungpham/.rvm/gems/ruby-2.2.3/gems/web-console-3.1.1/lib/web_console/templates/_prompt_box_markup.html.erb within layouts/inlined_string (0.2ms)
  Rendered /home/tungpham/.rvm/gems/ruby-2.2.3/gems/web-console-3.1.1/lib/web_console/templates/style.css.erb within layouts/inlined_string (0.2ms)
  Rendered /home/tungpham/.rvm/gems/ruby-2.2.3/gems/web-console-3.1.1/lib/web_console/templates/console.js.erb within layouts/javascript (16.1ms)
  Rendered /home/tungpham/.rvm/gems/ruby-2.2.3/gems/web-console-3.1.1/lib/web_console/templates/main.js.erb within layouts/javascript (0.2ms)
  Rendered /home/tungpham/.rvm/gems/ruby-2.2.3/gems/web-console-3.1.1/lib/web_console/templates/index.html.erb (25.4ms)
DEPRECATION WARNING: prepend_before_filter is deprecated and will be removed in Rails 5.1. Use prepend_before_action instead. (called from <top (required)> at /home/tungpham/sendgird_app/config/environment.rb:5)
DEPRECATION WARNING: before_filter is deprecated and will be removed in Rails 5.1. Use before_action instead. (called from <top (required)> at /home/tungpham/sendgird_app/config/environment.rb:5)
DEPRECATION WARNING: after_filter is deprecated and will be removed in Rails 5.1. Use after_action instead. (called from <top (required)> at /home/tungpham/sendgird_app/config/environment.rb:5)
DEPRECATION WARNING: alias_method_chain is deprecated. Please, use Module#prepend instead. From module, you can access the original method using super. (called from <top (required)> at /home/tungpham/sendgird_app/config/environment.rb:5)
  [1m[35m (158.7ms)[0m  [1m[35mCREATE TABLE `schema_migrations` (`version` varchar(255) COLLATE utf8_general_ci PRIMARY KEY) ENGINE=InnoDB[0m
  [1m[35m (69.2ms)[0m  [1m[35mCREATE TABLE `ar_internal_metadata` (`key` varchar(255) COLLATE utf8_general_ci PRIMARY KEY, `value` varchar(255), `created_at` datetime NOT NULL, `updated_at` datetime NOT NULL) ENGINE=InnoDB[0m
  [1m[35m (0.3ms)[0m  [1m[34mSELECT DATABASE() as db[0m
  [1m[35m (0.3ms)[0m  [1m[34mSELECT GET_LOCK('3616389764675319345', 0);[0m
  [1m[36mActiveRecord::SchemaMigration Load (0.3ms)[0m  [1m[34mSELECT `schema_migrations`.* FROM `schema_migrations`[0m
Migrating to CreatePosts (20160229015846)
  [1m[35m (72.1ms)[0m  [1m[35mCREATE TABLE `posts` (`id` int AUTO_INCREMENT PRIMARY KEY, `body` text, `email` varchar(255), `created_at` datetime NOT NULL, `updated_at` datetime NOT NULL) ENGINE=InnoDB[0m
  [1m[35m (0.1ms)[0m  [1m[35mBEGIN[0m
  [1m[35mSQL (0.2ms)[0m  [1m[32mINSERT INTO `schema_migrations` (`version`) VALUES ('20160229015846')[0m
  [1m[35m (30.5ms)[0m  [1m[35mCOMMIT[0m
  [1m[36mActiveRecord::InternalMetadata Load (0.3ms)[0m  [1m[34mSELECT  `ar_internal_metadata`.* FROM `ar_internal_metadata` ORDER BY `ar_internal_metadata`.`key` ASC LIMIT 1[0m
  [1m[35m (0.2ms)[0m  [1m[35mBEGIN[0m
  [1m[35mSQL (0.3ms)[0m  [1m[32mINSERT INTO `ar_internal_metadata` (`key`, `value`, `created_at`, `updated_at`) VALUES ('environment', 'development', '2016-02-29 02:17:48', '2016-02-29 02:17:48')[0m
  [1m[35m (30.8ms)[0m  [1m[35mCOMMIT[0m
  [1m[35m (0.2ms)[0m  [1m[34mSELECT RELEASE_LOCK('3616389764675319345')[0m
  [1m[36mActiveRecord::SchemaMigration Load (0.4ms)[0m  [1m[34mSELECT `schema_migrations`.* FROM `schema_migrations`[0m
  [1m[35m (0.3ms)[0m  [1m[35mSHOW CREATE TABLE `posts`[0m
  [1m[35m (0.5ms)[0m  [1m[35mSHOW TABLE STATUS LIKE 'posts'[0m
  [1m[35m (0.5ms)[0m  [1m[34mSELECT fk.referenced_table_name as 'to_table'
      ,fk.referenced_column_name as 'primary_key'
      ,fk.column_name as 'column'
      ,fk.constraint_name as 'name'
FROM information_schema.key_column_usage fk
WHERE fk.referenced_column_name is not null
  AND fk.table_schema = 'sendgird_db'
  AND fk.table_name = 'posts'
[0m
Started GET "/" for 127.0.0.1 at 2016-02-29 09:18:03 +0700
  [1m[36mActiveRecord::SchemaMigration Load (0.2ms)[0m  [1m[34mSELECT `schema_migrations`.* FROM `schema_migrations`[0m
Processing by Rails::WelcomeController#index as HTML
  Parameters: {"internal"=>true}
  Rendered /home/tungpham/.rvm/gems/ruby-2.2.3/gems/railties-5.0.0.beta3/lib/rails/templates/rails/welcome/index.html.erb (1.8ms)
Completed 200 OK in 9ms (Views: 2.5ms | ActiveRecord: 0.0ms)


Started GET "/post" for 127.0.0.1 at 2016-02-29 09:18:21 +0700
  
ActionController::RoutingError (uninitialized constant PostController):
  
activesupport (5.0.0.beta3) lib/active_support/inflector/methods.rb:259:in `const_get'
activesupport (5.0.0.beta3) lib/active_support/inflector/methods.rb:259:in `block in constantize'
activesupport (5.0.0.beta3) lib/active_support/inflector/methods.rb:257:in `each'
activesupport (5.0.0.beta3) lib/active_support/inflector/methods.rb:257:in `inject'
activesupport (5.0.0.beta3) lib/active_support/inflector/methods.rb:257:in `constantize'
actionpack (5.0.0.beta3) lib/action_dispatch/http/request.rb:93:in `controller_class'
actionpack (5.0.0.beta3) lib/action_dispatch/routing/route_set.rb:44:in `controller'
actionpack (5.0.0.beta3) lib/action_dispatch/routing/route_set.rb:30:in `serve'
actionpack (5.0.0.beta3) lib/action_dispatch/journey/router.rb:39:in `block in serve'
actionpack (5.0.0.beta3) lib/action_dispatch/journey/router.rb:26:in `each'
actionpack (5.0.0.beta3) lib/action_dispatch/journey/router.rb:26:in `serve'
actionpack (5.0.0.beta3) lib/action_dispatch/routing/route_set.rb:724:in `call'
actionview (5.0.0.beta3) lib/action_view/digestor.rb:12:in `call'
rack (2.0.0.alpha) lib/rack/etag.rb:25:in `call'
rack (2.0.0.alpha) lib/rack/conditional_get.rb:25:in `call'
rack (2.0.0.alpha) lib/rack/head.rb:12:in `call'
rack (2.0.0.alpha) lib/rack/session/abstract/id.rb:220:in `context'
rack (2.0.0.alpha) lib/rack/session/abstract/id.rb:214:in `call'
actionpack (5.0.0.beta3) lib/action_dispatch/middleware/cookies.rb:613:in `call'
activerecord (5.0.0.beta3) lib/active_record/query_cache.rb:36:in `call'
activerecord (5.0.0.beta3) lib/active_record/connection_adapters/abstract/connection_pool.rb:963:in `call'
activerecord (5.0.0.beta3) lib/active_record/migration.rb:558:in `call'
actionpack (5.0.0.beta3) lib/action_dispatch/middleware/callbacks.rb:29:in `block in call'
activesupport (5.0.0.beta3) lib/active_support/callbacks.rb:97:in `__run_callbacks__'
activesupport (5.0.0.beta3) lib/active_support/callbacks.rb:750:in `_run_call_callbacks'
activesupport (5.0.0.beta3) lib/active_support/callbacks.rb:90:in `run_callbacks'
actionpack (5.0.0.beta3) lib/action_dispatch/middleware/callbacks.rb:27:in `call'
actionpack (5.0.0.beta3) lib/action_dispatch/middleware/reloader.rb:71:in `call'
actionpack (5.0.0.beta3) lib/action_dispatch/middleware/remote_ip.rb:79:in `call'
actionpack (5.0.0.beta3) lib/action_dispatch/middleware/debug_exceptions.rb:49:in `call'
web-console (3.1.1) lib/web_console/middleware.rb:131:in `call_app'
web-console (3.1.1) lib/web_console/middleware.rb:28:in `block in call'
web-console (3.1.1) lib/web_console/middleware.rb:18:in `catch'
web-console (3.1.1) lib/web_console/middleware.rb:18:in `call'
actionpack (5.0.0.beta3) lib/action_dispatch/middleware/show_exceptions.rb:31:in `call'
railties (5.0.0.beta3) lib/rails/rack/logger.rb:36:in `call_app'
railties (5.0.0.beta3) lib/rails/rack/logger.rb:24:in `block in call'
activesupport (5.0.0.beta3) lib/active_support/tagged_logging.rb:70:in `block in tagged'
activesupport (5.0.0.beta3) lib/active_support/tagged_logging.rb:26:in `tagged'
activesupport (5.0.0.beta3) lib/active_support/tagged_logging.rb:70:in `tagged'
railties (5.0.0.beta3) lib/rails/rack/logger.rb:24:in `call'
actionpack (5.0.0.beta3) lib/action_dispatch/middleware/request_id.rb:24:in `call'
rack (2.0.0.alpha) lib/rack/method_override.rb:22:in `call'
rack (2.0.0.alpha) lib/rack/runtime.rb:22:in `call'
activesupport (5.0.0.beta3) lib/active_support/cache/strategy/local_cache_middleware.rb:28:in `call'
actionpack (5.0.0.beta3) lib/action_dispatch/middleware/load_interlock.rb:13:in `call'
actionpack (5.0.0.beta3) lib/action_dispatch/middleware/static.rb:136:in `call'
rack (2.0.0.alpha) lib/rack/sendfile.rb:111:in `call'
railties (5.0.0.beta3) lib/rails/engine.rb:522:in `call'
puma (3.0.2) lib/puma/configuration.rb:221:in `call'
puma (3.0.2) lib/puma/server.rb:561:in `handle_request'
puma (3.0.2) lib/puma/server.rb:406:in `process_client'
puma (3.0.2) lib/puma/server.rb:271:in `block in run'
puma (3.0.2) lib/puma/thread_pool.rb:111:in `call'
puma (3.0.2) lib/puma/thread_pool.rb:111:in `block in spawn_thread'
  Rendered /home/tungpham/.rvm/gems/ruby-2.2.3/gems/actionpack-5.0.0.beta3/lib/action_dispatch/middleware/templates/rescues/_trace.html.erb (1.7ms)
  Rendered collection of /home/tungpham/.rvm/gems/ruby-2.2.3/gems/actionpack-5.0.0.beta3/lib/action_dispatch/middleware/templates/routes/_route.html.erb [1 times] (1.1ms)
  Rendered /home/tungpham/.rvm/gems/ruby-2.2.3/gems/actionpack-5.0.0.beta3/lib/action_dispatch/middleware/templates/routes/_table.html.erb (5.3ms)
  Rendered /home/tungpham/.rvm/gems/ruby-2.2.3/gems/actionpack-5.0.0.beta3/lib/action_dispatch/middleware/templates/rescues/_request_and_response.html.erb (0.9ms)
  Rendered /home/tungpham/.rvm/gems/ruby-2.2.3/gems/actionpack-5.0.0.beta3/lib/action_dispatch/middleware/templates/rescues/routing_error.html.erb within rescues/layout (28.6ms)
  Rendered /home/tungpham/.rvm/gems/ruby-2.2.3/gems/web-console-3.1.1/lib/web_console/templates/_markup.html.erb (0.3ms)
  Rendered /home/tungpham/.rvm/gems/ruby-2.2.3/gems/web-console-3.1.1/lib/web_console/templates/_inner_console_markup.html.erb within layouts/inlined_string (0.3ms)
  Rendered /home/tungpham/.rvm/gems/ruby-2.2.3/gems/web-console-3.1.1/lib/web_console/templates/_prompt_box_markup.html.erb within layouts/inlined_string (0.2ms)
  Rendered /home/tungpham/.rvm/gems/ruby-2.2.3/gems/web-console-3.1.1/lib/web_console/templates/style.css.erb within layouts/inlined_string (0.2ms)
  Rendered /home/tungpham/.rvm/gems/ruby-2.2.3/gems/web-console-3.1.1/lib/web_console/templates/console.js.erb within layouts/javascript (15.2ms)
  Rendered /home/tungpham/.rvm/gems/ruby-2.2.3/gems/web-console-3.1.1/lib/web_console/templates/main.js.erb within layouts/javascript (0.3ms)
  Rendered /home/tungpham/.rvm/gems/ruby-2.2.3/gems/web-console-3.1.1/lib/web_console/templates/index.html.erb (26.8ms)
Started GET "/posts" for 127.0.0.1 at 2016-02-29 09:18:26 +0700
  
ActionController::RoutingError (No route matches [GET] "/posts"):
  
actionpack (5.0.0.beta3) lib/action_dispatch/middleware/debug_exceptions.rb:53:in `call'
web-console (3.1.1) lib/web_console/middleware.rb:131:in `call_app'
web-console (3.1.1) lib/web_console/middleware.rb:28:in `block in call'
web-console (3.1.1) lib/web_console/middleware.rb:18:in `catch'
web-console (3.1.1) lib/web_console/middleware.rb:18:in `call'
actionpack (5.0.0.beta3) lib/action_dispatch/middleware/show_exceptions.rb:31:in `call'
railties (5.0.0.beta3) lib/rails/rack/logger.rb:36:in `call_app'
railties (5.0.0.beta3) lib/rails/rack/logger.rb:24:in `block in call'
activesupport (5.0.0.beta3) lib/active_support/tagged_logging.rb:70:in `block in tagged'
activesupport (5.0.0.beta3) lib/active_support/tagged_logging.rb:26:in `tagged'
activesupport (5.0.0.beta3) lib/active_support/tagged_logging.rb:70:in `tagged'
railties (5.0.0.beta3) lib/rails/rack/logger.rb:24:in `call'
actionpack (5.0.0.beta3) lib/action_dispatch/middleware/request_id.rb:24:in `call'
rack (2.0.0.alpha) lib/rack/method_override.rb:22:in `call'
rack (2.0.0.alpha) lib/rack/runtime.rb:22:in `call'
activesupport (5.0.0.beta3) lib/active_support/cache/strategy/local_cache_middleware.rb:28:in `call'
actionpack (5.0.0.beta3) lib/action_dispatch/middleware/load_interlock.rb:13:in `call'
actionpack (5.0.0.beta3) lib/action_dispatch/middleware/static.rb:136:in `call'
rack (2.0.0.alpha) lib/rack/sendfile.rb:111:in `call'
railties (5.0.0.beta3) lib/rails/engine.rb:522:in `call'
puma (3.0.2) lib/puma/configuration.rb:221:in `call'
puma (3.0.2) lib/puma/server.rb:561:in `handle_request'
puma (3.0.2) lib/puma/server.rb:406:in `process_client'
puma (3.0.2) lib/puma/server.rb:271:in `block in run'
puma (3.0.2) lib/puma/thread_pool.rb:111:in `call'
puma (3.0.2) lib/puma/thread_pool.rb:111:in `block in spawn_thread'
  Rendered /home/tungpham/.rvm/gems/ruby-2.2.3/gems/actionpack-5.0.0.beta3/lib/action_dispatch/middleware/templates/rescues/_trace.html.erb (1.7ms)
  Rendered collection of /home/tungpham/.rvm/gems/ruby-2.2.3/gems/actionpack-5.0.0.beta3/lib/action_dispatch/middleware/templates/routes/_route.html.erb [1 times] (1.2ms)
  Rendered /home/tungpham/.rvm/gems/ruby-2.2.3/gems/actionpack-5.0.0.beta3/lib/action_dispatch/middleware/templates/routes/_table.html.erb (1.5ms)
  Rendered /home/tungpham/.rvm/gems/ruby-2.2.3/gems/actionpack-5.0.0.beta3/lib/action_dispatch/middleware/templates/rescues/_request_and_response.html.erb (1.0ms)
  Rendered /home/tungpham/.rvm/gems/ruby-2.2.3/gems/actionpack-5.0.0.beta3/lib/action_dispatch/middleware/templates/rescues/routing_error.html.erb within rescues/layout (32.1ms)
  Rendered /home/tungpham/.rvm/gems/ruby-2.2.3/gems/web-console-3.1.1/lib/web_console/templates/_markup.html.erb (0.5ms)
  Rendered /home/tungpham/.rvm/gems/ruby-2.2.3/gems/web-console-3.1.1/lib/web_console/templates/_inner_console_markup.html.erb within layouts/inlined_string (0.3ms)
  Rendered /home/tungpham/.rvm/gems/ruby-2.2.3/gems/web-console-3.1.1/lib/web_console/templates/_prompt_box_markup.html.erb within layouts/inlined_string (0.3ms)
  Rendered /home/tungpham/.rvm/gems/ruby-2.2.3/gems/web-console-3.1.1/lib/web_console/templates/style.css.erb within layouts/inlined_string (0.3ms)
  Rendered /home/tungpham/.rvm/gems/ruby-2.2.3/gems/web-console-3.1.1/lib/web_console/templates/console.js.erb within layouts/javascript (19.6ms)
  Rendered /home/tungpham/.rvm/gems/ruby-2.2.3/gems/web-console-3.1.1/lib/web_console/templates/main.js.erb within layouts/javascript (0.3ms)
  Rendered /home/tungpham/.rvm/gems/ruby-2.2.3/gems/web-console-3.1.1/lib/web_console/templates/index.html.erb (35.6ms)
DEPRECATION WARNING: prepend_before_filter is deprecated and will be removed in Rails 5.1. Use prepend_before_action instead. (called from <top (required)> at /home/tungpham/sendgird_app/config/environment.rb:5)
DEPRECATION WARNING: before_filter is deprecated and will be removed in Rails 5.1. Use before_action instead. (called from <top (required)> at /home/tungpham/sendgird_app/config/environment.rb:5)
DEPRECATION WARNING: after_filter is deprecated and will be removed in Rails 5.1. Use after_action instead. (called from <top (required)> at /home/tungpham/sendgird_app/config/environment.rb:5)
DEPRECATION WARNING: alias_method_chain is deprecated. Please, use Module#prepend instead. From module, you can access the original method using super. (called from <top (required)> at /home/tungpham/sendgird_app/config/environment.rb:5)
Started GET "/post" for 127.0.0.1 at 2016-02-29 09:18:51 +0700
  [1m[36mActiveRecord::SchemaMigration Load (0.2ms)[0m  [1m[34mSELECT `schema_migrations`.* FROM `schema_migrations`[0m
  
ActionController::RoutingError (uninitialized constant PostController):
  
activesupport (5.0.0.beta3) lib/active_support/inflector/methods.rb:259:in `const_get'
activesupport (5.0.0.beta3) lib/active_support/inflector/methods.rb:259:in `block in constantize'
activesupport (5.0.0.beta3) lib/active_support/inflector/methods.rb:257:in `each'
activesupport (5.0.0.beta3) lib/active_support/inflector/methods.rb:257:in `inject'
activesupport (5.0.0.beta3) lib/active_support/inflector/methods.rb:257:in `constantize'
actionpack (5.0.0.beta3) lib/action_dispatch/http/request.rb:93:in `controller_class'
actionpack (5.0.0.beta3) lib/action_dispatch/routing/route_set.rb:44:in `controller'
actionpack (5.0.0.beta3) lib/action_dispatch/routing/route_set.rb:30:in `serve'
actionpack (5.0.0.beta3) lib/action_dispatch/journey/router.rb:39:in `block in serve'
actionpack (5.0.0.beta3) lib/action_dispatch/journey/router.rb:26:in `each'
actionpack (5.0.0.beta3) lib/action_dispatch/journey/router.rb:26:in `serve'
actionpack (5.0.0.beta3) lib/action_dispatch/routing/route_set.rb:724:in `call'
actionview (5.0.0.beta3) lib/action_view/digestor.rb:12:in `call'
rack (2.0.0.alpha) lib/rack/etag.rb:25:in `call'
rack (2.0.0.alpha) lib/rack/conditional_get.rb:25:in `call'
rack (2.0.0.alpha) lib/rack/head.rb:12:in `call'
rack (2.0.0.alpha) lib/rack/session/abstract/id.rb:220:in `context'
rack (2.0.0.alpha) lib/rack/session/abstract/id.rb:214:in `call'
actionpack (5.0.0.beta3) lib/action_dispatch/middleware/cookies.rb:613:in `call'
activerecord (5.0.0.beta3) lib/active_record/query_cache.rb:36:in `call'
activerecord (5.0.0.beta3) lib/active_record/connection_adapters/abstract/connection_pool.rb:963:in `call'
activerecord (5.0.0.beta3) lib/active_record/migration.rb:558:in `call'
actionpack (5.0.0.beta3) lib/action_dispatch/middleware/callbacks.rb:29:in `block in call'
activesupport (5.0.0.beta3) lib/active_support/callbacks.rb:97:in `__run_callbacks__'
activesupport (5.0.0.beta3) lib/active_support/callbacks.rb:750:in `_run_call_callbacks'
activesupport (5.0.0.beta3) lib/active_support/callbacks.rb:90:in `run_callbacks'
actionpack (5.0.0.beta3) lib/action_dispatch/middleware/callbacks.rb:27:in `call'
actionpack (5.0.0.beta3) lib/action_dispatch/middleware/reloader.rb:71:in `call'
actionpack (5.0.0.beta3) lib/action_dispatch/middleware/remote_ip.rb:79:in `call'
actionpack (5.0.0.beta3) lib/action_dispatch/middleware/debug_exceptions.rb:49:in `call'
web-console (3.1.1) lib/web_console/middleware.rb:131:in `call_app'
web-console (3.1.1) lib/web_console/middleware.rb:28:in `block in call'
web-console (3.1.1) lib/web_console/middleware.rb:18:in `catch'
web-console (3.1.1) lib/web_console/middleware.rb:18:in `call'
actionpack (5.0.0.beta3) lib/action_dispatch/middleware/show_exceptions.rb:31:in `call'
railties (5.0.0.beta3) lib/rails/rack/logger.rb:36:in `call_app'
railties (5.0.0.beta3) lib/rails/rack/logger.rb:24:in `block in call'
activesupport (5.0.0.beta3) lib/active_support/tagged_logging.rb:70:in `block in tagged'
activesupport (5.0.0.beta3) lib/active_support/tagged_logging.rb:26:in `tagged'
activesupport (5.0.0.beta3) lib/active_support/tagged_logging.rb:70:in `tagged'
railties (5.0.0.beta3) lib/rails/rack/logger.rb:24:in `call'
actionpack (5.0.0.beta3) lib/action_dispatch/middleware/request_id.rb:24:in `call'
rack (2.0.0.alpha) lib/rack/method_override.rb:22:in `call'
rack (2.0.0.alpha) lib/rack/runtime.rb:22:in `call'
activesupport (5.0.0.beta3) lib/active_support/cache/strategy/local_cache_middleware.rb:28:in `call'
actionpack (5.0.0.beta3) lib/action_dispatch/middleware/load_interlock.rb:13:in `call'
actionpack (5.0.0.beta3) lib/action_dispatch/middleware/static.rb:136:in `call'
rack (2.0.0.alpha) lib/rack/sendfile.rb:111:in `call'
railties (5.0.0.beta3) lib/rails/engine.rb:522:in `call'
puma (3.0.2) lib/puma/configuration.rb:221:in `call'
puma (3.0.2) lib/puma/server.rb:561:in `handle_request'
puma (3.0.2) lib/puma/server.rb:406:in `process_client'
puma (3.0.2) lib/puma/server.rb:271:in `block in run'
puma (3.0.2) lib/puma/thread_pool.rb:111:in `call'
puma (3.0.2) lib/puma/thread_pool.rb:111:in `block in spawn_thread'
  Rendered /home/tungpham/.rvm/gems/ruby-2.2.3/gems/actionpack-5.0.0.beta3/lib/action_dispatch/middleware/templates/rescues/_trace.html.erb (1.3ms)
  Rendered collection of /home/tungpham/.rvm/gems/ruby-2.2.3/gems/actionpack-5.0.0.beta3/lib/action_dispatch/middleware/templates/routes/_route.html.erb [1 times] (0.9ms)
  Rendered /home/tungpham/.rvm/gems/ruby-2.2.3/gems/actionpack-5.0.0.beta3/lib/action_dispatch/middleware/templates/routes/_table.html.erb (4.7ms)
  Rendered /home/tungpham/.rvm/gems/ruby-2.2.3/gems/actionpack-5.0.0.beta3/lib/action_dispatch/middleware/templates/rescues/_request_and_response.html.erb (6.6ms)
  Rendered /home/tungpham/.rvm/gems/ruby-2.2.3/gems/actionpack-5.0.0.beta3/lib/action_dispatch/middleware/templates/rescues/routing_error.html.erb within rescues/layout (30.2ms)
  Rendered /home/tungpham/.rvm/gems/ruby-2.2.3/gems/web-console-3.1.1/lib/web_console/templates/_markup.html.erb (0.2ms)
  Rendered /home/tungpham/.rvm/gems/ruby-2.2.3/gems/web-console-3.1.1/lib/web_console/templates/_inner_console_markup.html.erb within layouts/inlined_string (0.3ms)
  Rendered /home/tungpham/.rvm/gems/ruby-2.2.3/gems/web-console-3.1.1/lib/web_console/templates/_prompt_box_markup.html.erb within layouts/inlined_string (0.2ms)
  Rendered /home/tungpham/.rvm/gems/ruby-2.2.3/gems/web-console-3.1.1/lib/web_console/templates/style.css.erb within layouts/inlined_string (0.2ms)
  Rendered /home/tungpham/.rvm/gems/ruby-2.2.3/gems/web-console-3.1.1/lib/web_console/templates/console.js.erb within layouts/javascript (16.5ms)
  Rendered /home/tungpham/.rvm/gems/ruby-2.2.3/gems/web-console-3.1.1/lib/web_console/templates/main.js.erb within layouts/javascript (0.2ms)
  Rendered /home/tungpham/.rvm/gems/ruby-2.2.3/gems/web-console-3.1.1/lib/web_console/templates/index.html.erb (25.6ms)
DEPRECATION WARNING: prepend_before_filter is deprecated and will be removed in Rails 5.1. Use prepend_before_action instead. (called from <top (required)> at /home/tungpham/sendgird_app/config/environment.rb:5)
DEPRECATION WARNING: before_filter is deprecated and will be removed in Rails 5.1. Use before_action instead. (called from <top (required)> at /home/tungpham/sendgird_app/config/environment.rb:5)
DEPRECATION WARNING: after_filter is deprecated and will be removed in Rails 5.1. Use after_action instead. (called from <top (required)> at /home/tungpham/sendgird_app/config/environment.rb:5)
DEPRECATION WARNING: alias_method_chain is deprecated. Please, use Module#prepend instead. From module, you can access the original method using super. (called from <top (required)> at /home/tungpham/sendgird_app/config/environment.rb:5)
Started GET "/posts" for 127.0.0.1 at 2016-02-29 09:19:26 +0700
  [1m[36mActiveRecord::SchemaMigration Load (0.2ms)[0m  [1m[34mSELECT `schema_migrations`.* FROM `schema_migrations`[0m
Processing by PostsController#index as HTML
  [1m[35m (0.2ms)[0m  [1m[34mSELECT COUNT(*) FROM `posts`[0m
  Rendered posts/index.html.erb within layouts/application (3.1ms)
Completed 200 OK in 918ms (Views: 910.3ms | ActiveRecord: 0.7ms)


Started GET "/assets/posts.self-b60acab5af8d245ed2b3012f77d11d8d207d8eada27756badaf4ef05770d60f6.css?body=1" for 127.0.0.1 at 2016-02-29 09:19:27 +0700
Started GET "/assets/application.self-af04b226fd7202dfc532ce7aedb95a0128277937e90d3b3a3d35e1cce9e16886.css?body=1" for 127.0.0.1 at 2016-02-29 09:19:27 +0700
Started GET "/assets/jquery.self-c64a74367bda6ef8b860f19e74df08927ca99d2be2ac934e9e92d5fd361e0da4.js?body=1" for 127.0.0.1 at 2016-02-29 09:19:27 +0700
Started GET "/assets/jquery_ujs.self-d602bdfe68ffc63b9f9cc512872aa3cfff046228a0a36e90dd476e8ef54c1b09.js?body=1" for 127.0.0.1 at 2016-02-29 09:19:27 +0700
Started GET "/assets/turbolinks.self-c37727e9bd6b2735da5c311aa83fead54ed0be6cc8bd9a65309e9c5abe2cbfff.js?body=1" for 127.0.0.1 at 2016-02-29 09:19:27 +0700
Started GET "/assets/action_cable.self-2231fa0726679abb8d086b191624b8ed235eb844eda2cc9471fa0b6cb4c56a09.js?body=1" for 127.0.0.1 at 2016-02-29 09:19:27 +0700
Started GET "/assets/application.self-b89234cf2659d7fedea75bca0b8d231ad7dfc2f3f57fcbaf5f44ed9dc384137b.js?body=1" for 127.0.0.1 at 2016-02-29 09:19:27 +0700
Started GET "/assets/cable.self-877aef30ae1b040ab8a3aba4e3e309a11d7f2612f44dde450b5c157aa5f95c05.js?body=1" for 127.0.0.1 at 2016-02-29 09:19:27 +0700
Started GET "/assets/posts.self-877aef30ae1b040ab8a3aba4e3e309a11d7f2612f44dde450b5c157aa5f95c05.js?body=1" for 127.0.0.1 at 2016-02-29 09:19:27 +0700
DEPRECATION WARNING: prepend_before_filter is deprecated and will be removed in Rails 5.1. Use prepend_before_action instead. (called from <top (required)> at /home/tungpham/sendgird_app/config/environment.rb:5)
DEPRECATION WARNING: before_filter is deprecated and will be removed in Rails 5.1. Use before_action instead. (called from <top (required)> at /home/tungpham/sendgird_app/config/environment.rb:5)
DEPRECATION WARNING: after_filter is deprecated and will be removed in Rails 5.1. Use after_action instead. (called from <top (required)> at /home/tungpham/sendgird_app/config/environment.rb:5)
DEPRECATION WARNING: alias_method_chain is deprecated. Please, use Module#prepend instead. From module, you can access the original method using super. (called from <top (required)> at /home/tungpham/sendgird_app/config/environment.rb:5)
DEPRECATION WARNING: prepend_before_filter is deprecated and will be removed in Rails 5.1. Use prepend_before_action instead. (called from <top (required)> at /home/tungpham/sendgird_app/config/environment.rb:5)
DEPRECATION WARNING: prepend_before_filter is deprecated and will be removed in Rails 5.1. Use prepend_before_action instead. (called from <top (required)> at /home/tungpham/sendgird_app/config/environment.rb:5)
DEPRECATION WARNING: prepend_before_filter is deprecated and will be removed in Rails 5.1. Use prepend_before_action instead. (called from <top (required)> at /home/tungpham/sendgird_app/config/environment.rb:5)
DEPRECATION WARNING: prepend_before_filter is deprecated and will be removed in Rails 5.1. Use prepend_before_action instead. (called from <top (required)> at /home/tungpham/sendgird_app/config/environment.rb:5)
DEPRECATION WARNING: prepend_before_filter is deprecated and will be removed in Rails 5.1. Use prepend_before_action instead. (called from <top (required)> at /home/tungpham/sendgird_app/config/environment.rb:5)
DEPRECATION WARNING: prepend_before_filter is deprecated and will be removed in Rails 5.1. Use prepend_before_action instead. (called from <top (required)> at /home/tungpham/sendgird_app/config/environment.rb:5)
DEPRECATION WARNING: prepend_before_filter is deprecated and will be removed in Rails 5.1. Use prepend_before_action instead. (called from <top (required)> at /home/tungpham/sendgird_app/config/environment.rb:5)
DEPRECATION WARNING: prepend_before_filter is deprecated and will be removed in Rails 5.1. Use prepend_before_action instead. (called from <top (required)> at /home/tungpham/sendgird_app/config/environment.rb:5)
DEPRECATION WARNING: prepend_before_filter is deprecated and will be removed in Rails 5.1. Use prepend_before_action instead. (called from <top (required)> at /home/tungpham/sendgird_app/config/environment.rb:5)
DEPRECATION WARNING: prepend_before_filter is deprecated and will be removed in Rails 5.1. Use prepend_before_action instead. (called from <top (required)> at /home/tungpham/sendgird_app/config/environment.rb:5)
DEPRECATION WARNING: prepend_before_filter is deprecated and will be removed in Rails 5.1. Use prepend_before_action instead. (called from <top (required)> at /home/tungpham/sendgird_app/config/environment.rb:5)
DEPRECATION WARNING: prepend_before_filter is deprecated and will be removed in Rails 5.1. Use prepend_before_action instead. (called from <top (required)> at /home/tungpham/sendgird_app/config/environment.rb:5)
DEPRECATION WARNING: before_filter is deprecated and will be removed in Rails 5.1. Use before_action instead. (called from <top (required)> at /home/tungpham/sendgird_app/config/environment.rb:5)
DEPRECATION WARNING: after_filter is deprecated and will be removed in Rails 5.1. Use after_action instead. (called from <top (required)> at /home/tungpham/sendgird_app/config/environment.rb:5)
DEPRECATION WARNING: alias_method_chain is deprecated. Please, use Module#prepend instead. From module, you can access the original method using super. (called from <top (required)> at /home/tungpham/sendgird_app/config/environment.rb:5)
DEPRECATION WARNING: prepend_before_filter is deprecated and will be removed in Rails 5.1. Use prepend_before_action instead. (called from <top (required)> at /home/tungpham/sendgird_app/config/environment.rb:5)
DEPRECATION WARNING: before_filter is deprecated and will be removed in Rails 5.1. Use before_action instead. (called from <top (required)> at /home/tungpham/sendgird_app/config/environment.rb:5)
DEPRECATION WARNING: after_filter is deprecated and will be removed in Rails 5.1. Use after_action instead. (called from <top (required)> at /home/tungpham/sendgird_app/config/environment.rb:5)
DEPRECATION WARNING: alias_method_chain is deprecated. Please, use Module#prepend instead. From module, you can access the original method using super. (called from <top (required)> at /home/tungpham/sendgird_app/config/environment.rb:5)
DEPRECATION WARNING: prepend_before_filter is deprecated and will be removed in Rails 5.1. Use prepend_before_action instead. (called from <top (required)> at /home/tungpham/sendgird_app/config/environment.rb:5)
DEPRECATION WARNING: before_filter is deprecated and will be removed in Rails 5.1. Use before_action instead. (called from <top (required)> at /home/tungpham/sendgird_app/config/environment.rb:5)
DEPRECATION WARNING: after_filter is deprecated and will be removed in Rails 5.1. Use after_action instead. (called from <top (required)> at /home/tungpham/sendgird_app/config/environment.rb:5)
DEPRECATION WARNING: alias_method_chain is deprecated. Please, use Module#prepend instead. From module, you can access the original method using super. (called from <top (required)> at /home/tungpham/sendgird_app/config/environment.rb:5)
DEPRECATION WARNING: prepend_before_filter is deprecated and will be removed in Rails 5.1. Use prepend_before_action instead. (called from <top (required)> at /home/tungpham/sendgird_app/config/environment.rb:5)
DEPRECATION WARNING: before_filter is deprecated and will be removed in Rails 5.1. Use before_action instead. (called from <top (required)> at /home/tungpham/sendgird_app/config/environment.rb:5)
DEPRECATION WARNING: after_filter is deprecated and will be removed in Rails 5.1. Use after_action instead. (called from <top (required)> at /home/tungpham/sendgird_app/config/environment.rb:5)
DEPRECATION WARNING: alias_method_chain is deprecated. Please, use Module#prepend instead. From module, you can access the original method using super. (called from <top (required)> at /home/tungpham/sendgird_app/config/environment.rb:5)
DEPRECATION WARNING: prepend_before_filter is deprecated and will be removed in Rails 5.1. Use prepend_before_action instead. (called from <top (required)> at /home/tungpham/sendgird_app/config/environment.rb:5)
DEPRECATION WARNING: prepend_before_filter is deprecated and will be removed in Rails 5.1. Use prepend_before_action instead. (called from <top (required)> at /home/tungpham/sendgird_app/config/environment.rb:5)
DEPRECATION WARNING: prepend_before_filter is deprecated and will be removed in Rails 5.1. Use prepend_before_action instead. (called from <top (required)> at /home/tungpham/sendgird_app/config/environment.rb:5)
DEPRECATION WARNING: prepend_before_filter is deprecated and will be removed in Rails 5.1. Use prepend_before_action instead. (called from <top (required)> at /home/tungpham/sendgird_app/config/environment.rb:5)
DEPRECATION WARNING: before_filter is deprecated and will be removed in Rails 5.1. Use before_action instead. (called from <top (required)> at /home/tungpham/sendgird_app/config/environment.rb:5)
DEPRECATION WARNING: after_filter is deprecated and will be removed in Rails 5.1. Use after_action instead. (called from <top (required)> at /home/tungpham/sendgird_app/config/environment.rb:5)
DEPRECATION WARNING: alias_method_chain is deprecated. Please, use Module#prepend instead. From module, you can access the original method using super. (called from <top (required)> at /home/tungpham/sendgird_app/config/environment.rb:5)
DEPRECATION WARNING: prepend_before_filter is deprecated and will be removed in Rails 5.1. Use prepend_before_action instead. (called from <top (required)> at /home/tungpham/sendgird_app/config/environment.rb:5)
DEPRECATION WARNING: before_filter is deprecated and will be removed in Rails 5.1. Use before_action instead. (called from <top (required)> at /home/tungpham/sendgird_app/config/environment.rb:5)
DEPRECATION WARNING: after_filter is deprecated and will be removed in Rails 5.1. Use after_action instead. (called from <top (required)> at /home/tungpham/sendgird_app/config/environment.rb:5)
DEPRECATION WARNING: alias_method_chain is deprecated. Please, use Module#prepend instead. From module, you can access the original method using super. (called from <top (required)> at /home/tungpham/sendgird_app/config/environment.rb:5)
DEPRECATION WARNING: prepend_before_filter is deprecated and will be removed in Rails 5.1. Use prepend_before_action instead. (called from <top (required)> at /home/tungpham/sendgird_app/config/environment.rb:5)
DEPRECATION WARNING: before_filter is deprecated and will be removed in Rails 5.1. Use before_action instead. (called from <top (required)> at /home/tungpham/sendgird_app/config/environment.rb:5)
DEPRECATION WARNING: after_filter is deprecated and will be removed in Rails 5.1. Use after_action instead. (called from <top (required)> at /home/tungpham/sendgird_app/config/environment.rb:5)
DEPRECATION WARNING: alias_method_chain is deprecated. Please, use Module#prepend instead. From module, you can access the original method using super. (called from <top (required)> at /home/tungpham/sendgird_app/config/environment.rb:5)
DEPRECATION WARNING: prepend_before_filter is deprecated and will be removed in Rails 5.1. Use prepend_before_action instead. (called from <top (required)> at /home/tungpham/sendgird_app/config/environment.rb:5)
DEPRECATION WARNING: before_filter is deprecated and will be removed in Rails 5.1. Use before_action instead. (called from <top (required)> at /home/tungpham/sendgird_app/config/environment.rb:5)
DEPRECATION WARNING: after_filter is deprecated and will be removed in Rails 5.1. Use after_action instead. (called from <top (required)> at /home/tungpham/sendgird_app/config/environment.rb:5)
DEPRECATION WARNING: alias_method_chain is deprecated. Please, use Module#prepend instead. From module, you can access the original method using super. (called from <top (required)> at /home/tungpham/sendgird_app/config/environment.rb:5)
DEPRECATION WARNING: prepend_before_filter is deprecated and will be removed in Rails 5.1. Use prepend_before_action instead. (called from <top (required)> at /home/tungpham/sendgird_app/config/environment.rb:5)
DEPRECATION WARNING: prepend_before_filter is deprecated and will be removed in Rails 5.1. Use prepend_before_action instead. (called from <top (required)> at /home/tungpham/sendgird_app/config/environment.rb:5)
DEPRECATION WARNING: prepend_before_filter is deprecated and will be removed in Rails 5.1. Use prepend_before_action instead. (called from <top (required)> at /home/tungpham/sendgird_app/config/environment.rb:5)
DEPRECATION WARNING: prepend_before_filter is deprecated and will be removed in Rails 5.1. Use prepend_before_action instead. (called from <top (required)> at /home/tungpham/sendgird_app/config/environment.rb:5)
DEPRECATION WARNING: prepend_before_filter is deprecated and will be removed in Rails 5.1. Use prepend_before_action instead. (called from <top (required)> at /home/tungpham/sendgird_app/config/environment.rb:5)
DEPRECATION WARNING: before_filter is deprecated and will be removed in Rails 5.1. Use before_action instead. (called from <top (required)> at /home/tungpham/sendgird_app/config/environment.rb:5)
DEPRECATION WARNING: after_filter is deprecated and will be removed in Rails 5.1. Use after_action instead. (called from <top (required)> at /home/tungpham/sendgird_app/config/environment.rb:5)
DEPRECATION WARNING: alias_method_chain is deprecated. Please, use Module#prepend instead. From module, you can access the original method using super. (called from <top (required)> at /home/tungpham/sendgird_app/config/environment.rb:5)
DEPRECATION WARNING: prepend_before_filter is deprecated and will be removed in Rails 5.1. Use prepend_before_action instead. (called from <top (required)> at /home/tungpham/sendgird_app/config/environment.rb:5)
DEPRECATION WARNING: before_filter is deprecated and will be removed in Rails 5.1. Use before_action instead. (called from <top (required)> at /home/tungpham/sendgird_app/config/environment.rb:5)
DEPRECATION WARNING: after_filter is deprecated and will be removed in Rails 5.1. Use after_action instead. (called from <top (required)> at /home/tungpham/sendgird_app/config/environment.rb:5)
DEPRECATION WARNING: alias_method_chain is deprecated. Please, use Module#prepend instead. From module, you can access the original method using super. (called from <top (required)> at /home/tungpham/sendgird_app/config/environment.rb:5)
DEPRECATION WARNING: prepend_before_filter is deprecated and will be removed in Rails 5.1. Use prepend_before_action instead. (called from <top (required)> at /home/tungpham/sendgird_app/config/environment.rb:5)
DEPRECATION WARNING: before_filter is deprecated and will be removed in Rails 5.1. Use before_action instead. (called from <top (required)> at /home/tungpham/sendgird_app/config/environment.rb:5)
DEPRECATION WARNING: after_filter is deprecated and will be removed in Rails 5.1. Use after_action instead. (called from <top (required)> at /home/tungpham/sendgird_app/config/environment.rb:5)
DEPRECATION WARNING: alias_method_chain is deprecated. Please, use Module#prepend instead. From module, you can access the original method using super. (called from <top (required)> at /home/tungpham/sendgird_app/config/environment.rb:5)
DEPRECATION WARNING: prepend_before_filter is deprecated and will be removed in Rails 5.1. Use prepend_before_action instead. (called from <top (required)> at /home/tungpham/sendgird_app/config/environment.rb:5)
DEPRECATION WARNING: before_filter is deprecated and will be removed in Rails 5.1. Use before_action instead. (called from <top (required)> at /home/tungpham/sendgird_app/config/environment.rb:5)
DEPRECATION WARNING: after_filter is deprecated and will be removed in Rails 5.1. Use after_action instead. (called from <top (required)> at /home/tungpham/sendgird_app/config/environment.rb:5)
DEPRECATION WARNING: alias_method_chain is deprecated. Please, use Module#prepend instead. From module, you can access the original method using super. (called from <top (required)> at /home/tungpham/sendgird_app/config/environment.rb:5)
DEPRECATION WARNING: prepend_before_filter is deprecated and will be removed in Rails 5.1. Use prepend_before_action instead. (called from <top (required)> at /home/tungpham/sendgird_app/config/environment.rb:5)
DEPRECATION WARNING: before_filter is deprecated and will be removed in Rails 5.1. Use before_action instead. (called from <top (required)> at /home/tungpham/sendgird_app/config/environment.rb:5)
DEPRECATION WARNING: after_filter is deprecated and will be removed in Rails 5.1. Use after_action instead. (called from <top (required)> at /home/tungpham/sendgird_app/config/environment.rb:5)
DEPRECATION WARNING: alias_method_chain is deprecated. Please, use Module#prepend instead. From module, you can access the original method using super. (called from <top (required)> at /home/tungpham/sendgird_app/config/environment.rb:5)
DEPRECATION WARNING: prepend_before_filter is deprecated and will be removed in Rails 5.1. Use prepend_before_action instead. (called from <top (required)> at /home/tungpham/sendgird_app/config/environment.rb:5)
DEPRECATION WARNING: before_filter is deprecated and will be removed in Rails 5.1. Use before_action instead. (called from <top (required)> at /home/tungpham/sendgird_app/config/environment.rb:5)
DEPRECATION WARNING: after_filter is deprecated and will be removed in Rails 5.1. Use after_action instead. (called from <top (required)> at /home/tungpham/sendgird_app/config/environment.rb:5)
DEPRECATION WARNING: alias_method_chain is deprecated. Please, use Module#prepend instead. From module, you can access the original method using super. (called from <top (required)> at /home/tungpham/sendgird_app/config/environment.rb:5)
Started POST "/email_processor" for 127.0.0.1 at 2016-02-29 11:24:02 +0700
Processing by Griddler::EmailsController#create as */*
Completed 500 Internal Server Error in 1ms (ActiveRecord: 0.0ms)


  
NoMethodError (undefined method `normalize_params' for nil:NilClass):
  
griddler (1.3.0) app/controllers/griddler/emails_controller.rb:17:in `normalized_params'
griddler (1.3.0) app/controllers/griddler/emails_controller.rb:3:in `create'
actionpack (5.0.0.beta3) lib/action_controller/metal/basic_implicit_render.rb:4:in `send_action'
actionpack (5.0.0.beta3) lib/abstract_controller/base.rb:183:in `process_action'
actionpack (5.0.0.beta3) lib/action_controller/metal/rendering.rb:30:in `process_action'
actionpack (5.0.0.beta3) lib/abstract_controller/callbacks.rb:20:in `block in process_action'
activesupport (5.0.0.beta3) lib/active_support/callbacks.rb:126:in `call'
activesupport (5.0.0.beta3) lib/active_support/callbacks.rb:126:in `call'
activesupport (5.0.0.beta3) lib/active_support/callbacks.rb:506:in `block (2 levels) in compile'
activesupport (5.0.0.beta3) lib/active_support/callbacks.rb:455:in `call'
activesupport (5.0.0.beta3) lib/active_support/callbacks.rb:455:in `call'
activesupport (5.0.0.beta3) lib/active_support/callbacks.rb:101:in `__run_callbacks__'
activesupport (5.0.0.beta3) lib/active_support/callbacks.rb:750:in `_run_process_action_callbacks'
activesupport (5.0.0.beta3) lib/active_support/callbacks.rb:90:in `run_callbacks'
actionpack (5.0.0.beta3) lib/abstract_controller/callbacks.rb:19:in `process_action'
actionpack (5.0.0.beta3) lib/action_controller/metal/rescue.rb:27:in `process_action'
actionpack (5.0.0.beta3) lib/action_controller/metal/instrumentation.rb:31:in `block in process_action'
activesupport (5.0.0.beta3) lib/active_support/notifications.rb:164:in `block in instrument'
activesupport (5.0.0.beta3) lib/active_support/notifications/instrumenter.rb:21:in `instrument'
activesupport (5.0.0.beta3) lib/active_support/notifications.rb:164:in `instrument'
actionpack (5.0.0.beta3) lib/action_controller/metal/instrumentation.rb:29:in `process_action'
actionpack (5.0.0.beta3) lib/action_controller/metal/params_wrapper.rb:248:in `process_action'
activerecord (5.0.0.beta3) lib/active_record/railties/controller_runtime.rb:18:in `process_action'
actionpack (5.0.0.beta3) lib/abstract_controller/base.rb:128:in `process'
actionview (5.0.0.beta3) lib/action_view/rendering.rb:30:in `process'
actionpack (5.0.0.beta3) lib/action_controller/metal.rb:190:in `dispatch'
actionpack (5.0.0.beta3) lib/action_controller/metal.rb:262:in `dispatch'
actionpack (5.0.0.beta3) lib/action_dispatch/routing/route_set.rb:50:in `dispatch'
actionpack (5.0.0.beta3) lib/action_dispatch/routing/route_set.rb:32:in `serve'
actionpack (5.0.0.beta3) lib/action_dispatch/journey/router.rb:39:in `block in serve'
actionpack (5.0.0.beta3) lib/action_dispatch/journey/router.rb:26:in `each'
actionpack (5.0.0.beta3) lib/action_dispatch/journey/router.rb:26:in `serve'
actionpack (5.0.0.beta3) lib/action_dispatch/routing/route_set.rb:724:in `call'
actionview (5.0.0.beta3) lib/action_view/digestor.rb:12:in `call'
rack (2.0.0.alpha) lib/rack/etag.rb:25:in `call'
rack (2.0.0.alpha) lib/rack/conditional_get.rb:38:in `call'
rack (2.0.0.alpha) lib/rack/head.rb:12:in `call'
rack (2.0.0.alpha) lib/rack/session/abstract/id.rb:220:in `context'
rack (2.0.0.alpha) lib/rack/session/abstract/id.rb:214:in `call'
actionpack (5.0.0.beta3) lib/action_dispatch/middleware/cookies.rb:613:in `call'
activerecord (5.0.0.beta3) lib/active_record/query_cache.rb:36:in `call'
activerecord (5.0.0.beta3) lib/active_record/connection_adapters/abstract/connection_pool.rb:963:in `call'
activerecord (5.0.0.beta3) lib/active_record/migration.rb:558:in `call'
actionpack (5.0.0.beta3) lib/action_dispatch/middleware/callbacks.rb:29:in `block in call'
activesupport (5.0.0.beta3) lib/active_support/callbacks.rb:97:in `__run_callbacks__'
activesupport (5.0.0.beta3) lib/active_support/callbacks.rb:750:in `_run_call_callbacks'
activesupport (5.0.0.beta3) lib/active_support/callbacks.rb:90:in `run_callbacks'
actionpack (5.0.0.beta3) lib/action_dispatch/middleware/callbacks.rb:27:in `call'
actionpack (5.0.0.beta3) lib/action_dispatch/middleware/reloader.rb:71:in `call'
actionpack (5.0.0.beta3) lib/action_dispatch/middleware/remote_ip.rb:79:in `call'
actionpack (5.0.0.beta3) lib/action_dispatch/middleware/debug_exceptions.rb:49:in `call'
web-console (3.1.1) lib/web_console/middleware.rb:131:in `call_app'
web-console (3.1.1) lib/web_console/middleware.rb:28:in `block in call'
web-console (3.1.1) lib/web_console/middleware.rb:18:in `catch'
web-console (3.1.1) lib/web_console/middleware.rb:18:in `call'
actionpack (5.0.0.beta3) lib/action_dispatch/middleware/show_exceptions.rb:31:in `call'
railties (5.0.0.beta3) lib/rails/rack/logger.rb:36:in `call_app'
railties (5.0.0.beta3) lib/rails/rack/logger.rb:24:in `block in call'
activesupport (5.0.0.beta3) lib/active_support/tagged_logging.rb:70:in `block in tagged'
activesupport (5.0.0.beta3) lib/active_support/tagged_logging.rb:26:in `tagged'
activesupport (5.0.0.beta3) lib/active_support/tagged_logging.rb:70:in `tagged'
railties (5.0.0.beta3) lib/rails/rack/logger.rb:24:in `call'
actionpack (5.0.0.beta3) lib/action_dispatch/middleware/request_id.rb:24:in `call'
rack (2.0.0.alpha) lib/rack/method_override.rb:22:in `call'
rack (2.0.0.alpha) lib/rack/runtime.rb:22:in `call'
activesupport (5.0.0.beta3) lib/active_support/cache/strategy/local_cache_middleware.rb:28:in `call'
actionpack (5.0.0.beta3) lib/action_dispatch/middleware/load_interlock.rb:13:in `call'
actionpack (5.0.0.beta3) lib/action_dispatch/middleware/static.rb:136:in `call'
rack (2.0.0.alpha) lib/rack/sendfile.rb:111:in `call'
railties (5.0.0.beta3) lib/rails/engine.rb:522:in `call'
puma (3.0.2) lib/puma/configuration.rb:221:in `call'
puma (3.0.2) lib/puma/server.rb:561:in `handle_request'
puma (3.0.2) lib/puma/server.rb:406:in `process_client'
puma (3.0.2) lib/puma/server.rb:271:in `block in run'
puma (3.0.2) lib/puma/thread_pool.rb:111:in `call'
puma (3.0.2) lib/puma/thread_pool.rb:111:in `block in spawn_thread'
  Rendered /home/tungpham/.rvm/gems/ruby-2.2.3/gems/actionpack-5.0.0.beta3/lib/action_dispatch/middleware/templates/rescues/_source.html.erb (7.3ms)
  Rendered /home/tungpham/.rvm/gems/ruby-2.2.3/gems/actionpack-5.0.0.beta3/lib/action_dispatch/middleware/templates/rescues/_trace.html.erb (4.6ms)
  Rendered /home/tungpham/.rvm/gems/ruby-2.2.3/gems/actionpack-5.0.0.beta3/lib/action_dispatch/middleware/templates/rescues/_request_and_response.html.erb (1.1ms)
  Rendered /home/tungpham/.rvm/gems/ruby-2.2.3/gems/actionpack-5.0.0.beta3/lib/action_dispatch/middleware/templates/rescues/diagnostics.html.erb within rescues/layout (25.1ms)
  Rendered /home/tungpham/.rvm/gems/ruby-2.2.3/gems/web-console-3.1.1/lib/web_console/templates/_markup.html.erb (0.2ms)
  Rendered /home/tungpham/.rvm/gems/ruby-2.2.3/gems/web-console-3.1.1/lib/web_console/templates/_inner_console_markup.html.erb within layouts/inlined_string (0.2ms)
  Rendered /home/tungpham/.rvm/gems/ruby-2.2.3/gems/web-console-3.1.1/lib/web_console/templates/_prompt_box_markup.html.erb within layouts/inlined_string (0.1ms)
  Rendered /home/tungpham/.rvm/gems/ruby-2.2.3/gems/web-console-3.1.1/lib/web_console/templates/style.css.erb within layouts/inlined_string (0.2ms)
  Rendered /home/tungpham/.rvm/gems/ruby-2.2.3/gems/web-console-3.1.1/lib/web_console/templates/console.js.erb within layouts/javascript (17.2ms)
  Rendered /home/tungpham/.rvm/gems/ruby-2.2.3/gems/web-console-3.1.1/lib/web_console/templates/main.js.erb within layouts/javascript (0.2ms)
  Rendered /home/tungpham/.rvm/gems/ruby-2.2.3/gems/web-console-3.1.1/lib/web_console/templates/index.html.erb (27.1ms)
Started POST "/email_processor" for 127.0.0.1 at 2016-02-29 11:24:08 +0700
Processing by Griddler::EmailsController#create as */*
Completed 500 Internal Server Error in 1ms (ActiveRecord: 0.0ms)


  
NoMethodError (undefined method `normalize_params' for nil:NilClass):
  
griddler (1.3.0) app/controllers/griddler/emails_controller.rb:17:in `normalized_params'
griddler (1.3.0) app/controllers/griddler/emails_controller.rb:3:in `create'
actionpack (5.0.0.beta3) lib/action_controller/metal/basic_implicit_render.rb:4:in `send_action'
actionpack (5.0.0.beta3) lib/abstract_controller/base.rb:183:in `process_action'
actionpack (5.0.0.beta3) lib/action_controller/metal/rendering.rb:30:in `process_action'
actionpack (5.0.0.beta3) lib/abstract_controller/callbacks.rb:20:in `block in process_action'
activesupport (5.0.0.beta3) lib/active_support/callbacks.rb:126:in `call'
activesupport (5.0.0.beta3) lib/active_support/callbacks.rb:126:in `call'
activesupport (5.0.0.beta3) lib/active_support/callbacks.rb:506:in `block (2 levels) in compile'
activesupport (5.0.0.beta3) lib/active_support/callbacks.rb:455:in `call'
activesupport (5.0.0.beta3) lib/active_support/callbacks.rb:455:in `call'
activesupport (5.0.0.beta3) lib/active_support/callbacks.rb:101:in `__run_callbacks__'
activesupport (5.0.0.beta3) lib/active_support/callbacks.rb:750:in `_run_process_action_callbacks'
activesupport (5.0.0.beta3) lib/active_support/callbacks.rb:90:in `run_callbacks'
actionpack (5.0.0.beta3) lib/abstract_controller/callbacks.rb:19:in `process_action'
actionpack (5.0.0.beta3) lib/action_controller/metal/rescue.rb:27:in `process_action'
actionpack (5.0.0.beta3) lib/action_controller/metal/instrumentation.rb:31:in `block in process_action'
activesupport (5.0.0.beta3) lib/active_support/notifications.rb:164:in `block in instrument'
activesupport (5.0.0.beta3) lib/active_support/notifications/instrumenter.rb:21:in `instrument'
activesupport (5.0.0.beta3) lib/active_support/notifications.rb:164:in `instrument'
actionpack (5.0.0.beta3) lib/action_controller/metal/instrumentation.rb:29:in `process_action'
actionpack (5.0.0.beta3) lib/action_controller/metal/params_wrapper.rb:248:in `process_action'
activerecord (5.0.0.beta3) lib/active_record/railties/controller_runtime.rb:18:in `process_action'
actionpack (5.0.0.beta3) lib/abstract_controller/base.rb:128:in `process'
actionview (5.0.0.beta3) lib/action_view/rendering.rb:30:in `process'
actionpack (5.0.0.beta3) lib/action_controller/metal.rb:190:in `dispatch'
actionpack (5.0.0.beta3) lib/action_controller/metal.rb:262:in `dispatch'
actionpack (5.0.0.beta3) lib/action_dispatch/routing/route_set.rb:50:in `dispatch'
actionpack (5.0.0.beta3) lib/action_dispatch/routing/route_set.rb:32:in `serve'
actionpack (5.0.0.beta3) lib/action_dispatch/journey/router.rb:39:in `block in serve'
actionpack (5.0.0.beta3) lib/action_dispatch/journey/router.rb:26:in `each'
actionpack (5.0.0.beta3) lib/action_dispatch/journey/router.rb:26:in `serve'
actionpack (5.0.0.beta3) lib/action_dispatch/routing/route_set.rb:724:in `call'
actionview (5.0.0.beta3) lib/action_view/digestor.rb:12:in `call'
rack (2.0.0.alpha) lib/rack/etag.rb:25:in `call'
rack (2.0.0.alpha) lib/rack/conditional_get.rb:38:in `call'
rack (2.0.0.alpha) lib/rack/head.rb:12:in `call'
rack (2.0.0.alpha) lib/rack/session/abstract/id.rb:220:in `context'
rack (2.0.0.alpha) lib/rack/session/abstract/id.rb:214:in `call'
actionpack (5.0.0.beta3) lib/action_dispatch/middleware/cookies.rb:613:in `call'
activerecord (5.0.0.beta3) lib/active_record/query_cache.rb:36:in `call'
activerecord (5.0.0.beta3) lib/active_record/connection_adapters/abstract/connection_pool.rb:963:in `call'
activerecord (5.0.0.beta3) lib/active_record/migration.rb:558:in `call'
actionpack (5.0.0.beta3) lib/action_dispatch/middleware/callbacks.rb:29:in `block in call'
activesupport (5.0.0.beta3) lib/active_support/callbacks.rb:97:in `__run_callbacks__'
activesupport (5.0.0.beta3) lib/active_support/callbacks.rb:750:in `_run_call_callbacks'
activesupport (5.0.0.beta3) lib/active_support/callbacks.rb:90:in `run_callbacks'
actionpack (5.0.0.beta3) lib/action_dispatch/middleware/callbacks.rb:27:in `call'
actionpack (5.0.0.beta3) lib/action_dispatch/middleware/reloader.rb:71:in `call'
actionpack (5.0.0.beta3) lib/action_dispatch/middleware/remote_ip.rb:79:in `call'
actionpack (5.0.0.beta3) lib/action_dispatch/middleware/debug_exceptions.rb:49:in `call'
web-console (3.1.1) lib/web_console/middleware.rb:131:in `call_app'
web-console (3.1.1) lib/web_console/middleware.rb:28:in `block in call'
web-console (3.1.1) lib/web_console/middleware.rb:18:in `catch'
web-console (3.1.1) lib/web_console/middleware.rb:18:in `call'
actionpack (5.0.0.beta3) lib/action_dispatch/middleware/show_exceptions.rb:31:in `call'
railties (5.0.0.beta3) lib/rails/rack/logger.rb:36:in `call_app'
railties (5.0.0.beta3) lib/rails/rack/logger.rb:24:in `block in call'
activesupport (5.0.0.beta3) lib/active_support/tagged_logging.rb:70:in `block in tagged'
activesupport (5.0.0.beta3) lib/active_support/tagged_logging.rb:26:in `tagged'
activesupport (5.0.0.beta3) lib/active_support/tagged_logging.rb:70:in `tagged'
railties (5.0.0.beta3) lib/rails/rack/logger.rb:24:in `call'
actionpack (5.0.0.beta3) lib/action_dispatch/middleware/request_id.rb:24:in `call'
rack (2.0.0.alpha) lib/rack/method_override.rb:22:in `call'
rack (2.0.0.alpha) lib/rack/runtime.rb:22:in `call'
activesupport (5.0.0.beta3) lib/active_support/cache/strategy/local_cache_middleware.rb:28:in `call'
actionpack (5.0.0.beta3) lib/action_dispatch/middleware/load_interlock.rb:13:in `call'
actionpack (5.0.0.beta3) lib/action_dispatch/middleware/static.rb:136:in `call'
rack (2.0.0.alpha) lib/rack/sendfile.rb:111:in `call'
railties (5.0.0.beta3) lib/rails/engine.rb:522:in `call'
puma (3.0.2) lib/puma/configuration.rb:221:in `call'
puma (3.0.2) lib/puma/server.rb:561:in `handle_request'
puma (3.0.2) lib/puma/server.rb:406:in `process_client'
puma (3.0.2) lib/puma/server.rb:271:in `block in run'
puma (3.0.2) lib/puma/thread_pool.rb:111:in `call'
puma (3.0.2) lib/puma/thread_pool.rb:111:in `block in spawn_thread'
  Rendered /home/tungpham/.rvm/gems/ruby-2.2.3/gems/actionpack-5.0.0.beta3/lib/action_dispatch/middleware/templates/rescues/_source.html.erb (2.8ms)
  Rendered /home/tungpham/.rvm/gems/ruby-2.2.3/gems/actionpack-5.0.0.beta3/lib/action_dispatch/middleware/templates/rescues/_trace.html.erb (1.6ms)
  Rendered /home/tungpham/.rvm/gems/ruby-2.2.3/gems/actionpack-5.0.0.beta3/lib/action_dispatch/middleware/templates/rescues/_request_and_response.html.erb (0.6ms)
  Rendered /home/tungpham/.rvm/gems/ruby-2.2.3/gems/actionpack-5.0.0.beta3/lib/action_dispatch/middleware/templates/rescues/diagnostics.html.erb within rescues/layout (16.3ms)
  Rendered /home/tungpham/.rvm/gems/ruby-2.2.3/gems/web-console-3.1.1/lib/web_console/templates/_markup.html.erb (0.2ms)
  Rendered /home/tungpham/.rvm/gems/ruby-2.2.3/gems/web-console-3.1.1/lib/web_console/templates/_inner_console_markup.html.erb within layouts/inlined_string (0.3ms)
  Rendered /home/tungpham/.rvm/gems/ruby-2.2.3/gems/web-console-3.1.1/lib/web_console/templates/_prompt_box_markup.html.erb within layouts/inlined_string (0.2ms)
  Rendered /home/tungpham/.rvm/gems/ruby-2.2.3/gems/web-console-3.1.1/lib/web_console/templates/style.css.erb within layouts/inlined_string (0.2ms)
  Rendered /home/tungpham/.rvm/gems/ruby-2.2.3/gems/web-console-3.1.1/lib/web_console/templates/console.js.erb within layouts/javascript (13.2ms)
  Rendered /home/tungpham/.rvm/gems/ruby-2.2.3/gems/web-console-3.1.1/lib/web_console/templates/main.js.erb within layouts/javascript (0.1ms)
  Rendered /home/tungpham/.rvm/gems/ruby-2.2.3/gems/web-console-3.1.1/lib/web_console/templates/index.html.erb (22.6ms)
DEPRECATION WARNING: prepend_before_filter is deprecated and will be removed in Rails 5.1. Use prepend_before_action instead. (called from <top (required)> at /home/tungpham/sendgird_app/config/environment.rb:5)
DEPRECATION WARNING: before_filter is deprecated and will be removed in Rails 5.1. Use before_action instead. (called from <top (required)> at /home/tungpham/sendgird_app/config/environment.rb:5)
DEPRECATION WARNING: after_filter is deprecated and will be removed in Rails 5.1. Use after_action instead. (called from <top (required)> at /home/tungpham/sendgird_app/config/environment.rb:5)
DEPRECATION WARNING: alias_method_chain is deprecated. Please, use Module#prepend instead. From module, you can access the original method using super. (called from <top (required)> at /home/tungpham/sendgird_app/config/environment.rb:5)
DEPRECATION WARNING: prepend_before_filter is deprecated and will be removed in Rails 5.1. Use prepend_before_action instead. (called from <top (required)> at /home/tungpham/sendgird_app/config/environment.rb:5)
DEPRECATION WARNING: before_filter is deprecated and will be removed in Rails 5.1. Use before_action instead. (called from <top (required)> at /home/tungpham/sendgird_app/config/environment.rb:5)
DEPRECATION WARNING: after_filter is deprecated and will be removed in Rails 5.1. Use after_action instead. (called from <top (required)> at /home/tungpham/sendgird_app/config/environment.rb:5)
DEPRECATION WARNING: alias_method_chain is deprecated. Please, use Module#prepend instead. From module, you can access the original method using super. (called from <top (required)> at /home/tungpham/sendgird_app/config/environment.rb:5)
DEPRECATION WARNING: prepend_before_filter is deprecated and will be removed in Rails 5.1. Use prepend_before_action instead. (called from <top (required)> at /home/tungpham/sendgird_app/config/environment.rb:5)
DEPRECATION WARNING: before_filter is deprecated and will be removed in Rails 5.1. Use before_action instead. (called from <top (required)> at /home/tungpham/sendgird_app/config/environment.rb:5)
DEPRECATION WARNING: after_filter is deprecated and will be removed in Rails 5.1. Use after_action instead. (called from <top (required)> at /home/tungpham/sendgird_app/config/environment.rb:5)
DEPRECATION WARNING: alias_method_chain is deprecated. Please, use Module#prepend instead. From module, you can access the original method using super. (called from <top (required)> at /home/tungpham/sendgird_app/config/environment.rb:5)
DEPRECATION WARNING: prepend_before_filter is deprecated and will be removed in Rails 5.1. Use prepend_before_action instead. (called from <top (required)> at /home/tungpham/sendgird_app/config/environment.rb:5)
DEPRECATION WARNING: before_filter is deprecated and will be removed in Rails 5.1. Use before_action instead. (called from <top (required)> at /home/tungpham/sendgird_app/config/environment.rb:5)
DEPRECATION WARNING: after_filter is deprecated and will be removed in Rails 5.1. Use after_action instead. (called from <top (required)> at /home/tungpham/sendgird_app/config/environment.rb:5)
DEPRECATION WARNING: alias_method_chain is deprecated. Please, use Module#prepend instead. From module, you can access the original method using super. (called from <top (required)> at /home/tungpham/sendgird_app/config/environment.rb:5)
  [1m[36mActiveRecord::SchemaMigration Load (0.2ms)[0m  [1m[34mSELECT `schema_migrations`.* FROM `schema_migrations`[0m
  [1m[35m (0.2ms)[0m  [1m[34mSELECT `ar_internal_metadata`.`value` FROM `ar_internal_metadata` WHERE `ar_internal_metadata`.`key` = 'environment'[0m
  [1m[36mActiveRecord::SchemaMigration Load (0.1ms)[0m  [1m[34mSELECT `schema_migrations`.* FROM `schema_migrations`[0m
  [1m[35m (0.1ms)[0m  [1m[34mSELECT `ar_internal_metadata`.`value` FROM `ar_internal_metadata` WHERE `ar_internal_metadata`.`key` = 'environment'[0m
  [1m[36mActiveRecord::SchemaMigration Load (0.1ms)[0m  [1m[34mSELECT `schema_migrations`.* FROM `schema_migrations`[0m
  [1m[35m (0.1ms)[0m  [1m[34mSELECT `ar_internal_metadata`.`value` FROM `ar_internal_metadata` WHERE `ar_internal_metadata`.`key` = 'environment'[0m
  [1m[35m (195.1ms)[0m  [1m[35mDROP DATABASE IF EXISTS `sendgird_db`[0m
  [1m[35m (0.1ms)[0m  [1m[35mCREATE DATABASE `sendgird_db` DEFAULT CHARACTER SET `utf8mb4` COLLATE `utf8mb4_general_ci`[0m
  [1m[35m (80.4ms)[0m  [1m[35mCREATE TABLE `posts` (`id` int AUTO_INCREMENT PRIMARY KEY, `body` text, `email` varchar(255), `created_at` datetime NOT NULL, `updated_at` datetime NOT NULL) ENGINE=InnoDB DEFAULT CHARSET=utf8mb4[0m
  [1m[35m (74.3ms)[0m  [1m[35mCREATE TABLE `schema_migrations` (`version` varchar(255) COLLATE utf8_general_ci PRIMARY KEY) ENGINE=InnoDB[0m
  [1m[35m (0.3ms)[0m  [1m[34mSELECT version FROM `schema_migrations`[0m
  [1m[35m (49.4ms)[0m  [1m[32mINSERT INTO `schema_migrations` (version) VALUES ('20160229015846')[0m
  [1m[35m (73.5ms)[0m  [1m[35mCREATE TABLE `ar_internal_metadata` (`key` varchar(255) COLLATE utf8_general_ci PRIMARY KEY, `value` varchar(255), `created_at` datetime NOT NULL, `updated_at` datetime NOT NULL) ENGINE=InnoDB[0m
  [1m[36mActiveRecord::InternalMetadata Load (0.2ms)[0m  [1m[34mSELECT  `ar_internal_metadata`.* FROM `ar_internal_metadata` ORDER BY `ar_internal_metadata`.`key` ASC LIMIT 1[0m
  [1m[35m (0.1ms)[0m  [1m[35mBEGIN[0m
  [1m[35mSQL (0.2ms)[0m  [1m[32mINSERT INTO `ar_internal_metadata` (`key`, `value`, `created_at`, `updated_at`) VALUES ('environment', 'development', '2016-03-01 01:59:33', '2016-03-01 01:59:33')[0m
  [1m[35m (27.4ms)[0m  [1m[35mCOMMIT[0m
  [1m[36mActiveRecord::InternalMetadata Load (0.2ms)[0m  [1m[34mSELECT  `ar_internal_metadata`.* FROM `ar_internal_metadata` ORDER BY `ar_internal_metadata`.`key` ASC LIMIT 1[0m
  [1m[35m (0.1ms)[0m  [1m[35mBEGIN[0m
  [1m[35m (0.1ms)[0m  [1m[35mCOMMIT[0m
  [1m[36mActiveRecord::SchemaMigration Load (0.1ms)[0m  [1m[34mSELECT `schema_migrations`.* FROM `schema_migrations`[0m
DEPRECATION WARNING: prepend_before_filter is deprecated and will be removed in Rails 5.1. Use prepend_before_action instead. (called from <top (required)> at /home/tungpham/sendgird_app/config/environment.rb:5)
DEPRECATION WARNING: before_filter is deprecated and will be removed in Rails 5.1. Use before_action instead. (called from <top (required)> at /home/tungpham/sendgird_app/config/environment.rb:5)
DEPRECATION WARNING: after_filter is deprecated and will be removed in Rails 5.1. Use after_action instead. (called from <top (required)> at /home/tungpham/sendgird_app/config/environment.rb:5)
DEPRECATION WARNING: alias_method_chain is deprecated. Please, use Module#prepend instead. From module, you can access the original method using super. (called from <top (required)> at /home/tungpham/sendgird_app/config/environment.rb:5)
  [1m[36mActiveRecord::SchemaMigration Load (0.1ms)[0m  [1m[34mSELECT `schema_migrations`.* FROM `schema_migrations`[0m
  [1m[35m (0.2ms)[0m  [1m[34mSELECT `ar_internal_metadata`.`value` FROM `ar_internal_metadata` WHERE `ar_internal_metadata`.`key` = 'environment'[0m
  [1m[36mActiveRecord::SchemaMigration Load (0.1ms)[0m  [1m[34mSELECT `schema_migrations`.* FROM `schema_migrations`[0m
  [1m[35m (0.1ms)[0m  [1m[34mSELECT `ar_internal_metadata`.`value` FROM `ar_internal_metadata` WHERE `ar_internal_metadata`.`key` = 'environment'[0m
  [1m[36mActiveRecord::SchemaMigration Load (0.0ms)[0m  [1m[34mSELECT `schema_migrations`.* FROM `schema_migrations`[0m
  [1m[35m (0.1ms)[0m  [1m[34mSELECT `ar_internal_metadata`.`value` FROM `ar_internal_metadata` WHERE `ar_internal_metadata`.`key` = 'environment'[0m
  [1m[35m (123.6ms)[0m  [1m[35mDROP DATABASE IF EXISTS `sendgird_db`[0m
  [1m[35m (0.2ms)[0m  [1m[35mCREATE DATABASE `sendgird_db` DEFAULT CHARACTER SET `utf8mb4` COLLATE `utf8mb4_general_ci`[0m
  [1m[35m (79.5ms)[0m  [1m[35mCREATE TABLE `posts` (`id` int AUTO_INCREMENT PRIMARY KEY, `body` text, `email` varchar(255), `created_at` datetime NOT NULL, `updated_at` datetime NOT NULL) ENGINE=InnoDB DEFAULT CHARSET=utf8mb4[0m
  [1m[35m (82.5ms)[0m  [1m[35mCREATE TABLE `schema_migrations` (`version` varchar(255) COLLATE utf8_general_ci PRIMARY KEY) ENGINE=InnoDB[0m
  [1m[35m (0.4ms)[0m  [1m[34mSELECT version FROM `schema_migrations`[0m
  [1m[35m (32.3ms)[0m  [1m[32mINSERT INTO `schema_migrations` (version) VALUES ('20160229015846')[0m
  [1m[35m (75.0ms)[0m  [1m[35mCREATE TABLE `ar_internal_metadata` (`key` varchar(255) COLLATE utf8_general_ci PRIMARY KEY, `value` varchar(255), `created_at` datetime NOT NULL, `updated_at` datetime NOT NULL) ENGINE=InnoDB[0m
  [1m[36mActiveRecord::InternalMetadata Load (0.2ms)[0m  [1m[34mSELECT  `ar_internal_metadata`.* FROM `ar_internal_metadata` ORDER BY `ar_internal_metadata`.`key` ASC LIMIT 1[0m
  [1m[35m (0.1ms)[0m  [1m[35mBEGIN[0m
  [1m[35mSQL (0.1ms)[0m  [1m[32mINSERT INTO `ar_internal_metadata` (`key`, `value`, `created_at`, `updated_at`) VALUES ('environment', 'development', '2016-03-01 01:59:40', '2016-03-01 01:59:40')[0m
  [1m[35m (27.9ms)[0m  [1m[35mCOMMIT[0m
  [1m[36mActiveRecord::InternalMetadata Load (0.1ms)[0m  [1m[34mSELECT  `ar_internal_metadata`.* FROM `ar_internal_metadata` ORDER BY `ar_internal_metadata`.`key` ASC LIMIT 1[0m
  [1m[35m (0.1ms)[0m  [1m[35mBEGIN[0m
  [1m[35m (0.1ms)[0m  [1m[35mCOMMIT[0m
  [1m[36mActiveRecord::SchemaMigration Load (0.1ms)[0m  [1m[34mSELECT `schema_migrations`.* FROM `schema_migrations`[0m
DEPRECATION WARNING: prepend_before_filter is deprecated and will be removed in Rails 5.1. Use prepend_before_action instead. (called from <top (required)> at /home/tungpham/sendgird_app/config/environment.rb:5)
DEPRECATION WARNING: before_filter is deprecated and will be removed in Rails 5.1. Use before_action instead. (called from <top (required)> at /home/tungpham/sendgird_app/config/environment.rb:5)
DEPRECATION WARNING: after_filter is deprecated and will be removed in Rails 5.1. Use after_action instead. (called from <top (required)> at /home/tungpham/sendgird_app/config/environment.rb:5)
DEPRECATION WARNING: alias_method_chain is deprecated. Please, use Module#prepend instead. From module, you can access the original method using super. (called from <top (required)> at /home/tungpham/sendgird_app/config/environment.rb:5)
DEPRECATION WARNING: prepend_before_filter is deprecated and will be removed in Rails 5.1. Use prepend_before_action instead. (called from <top (required)> at /home/tungpham/sendgird_app/config/environment.rb:5)
DEPRECATION WARNING: before_filter is deprecated and will be removed in Rails 5.1. Use before_action instead. (called from <top (required)> at /home/tungpham/sendgird_app/config/environment.rb:5)
DEPRECATION WARNING: after_filter is deprecated and will be removed in Rails 5.1. Use after_action instead. (called from <top (required)> at /home/tungpham/sendgird_app/config/environment.rb:5)
DEPRECATION WARNING: alias_method_chain is deprecated. Please, use Module#prepend instead. From module, you can access the original method using super. (called from <top (required)> at /home/tungpham/sendgird_app/config/environment.rb:5)
  [1m[35m (0.1ms)[0m  [1m[34mSELECT DATABASE() as db[0m
  [1m[35m (0.1ms)[0m  [1m[34mSELECT GET_LOCK('3616389764675319345', 0);[0m
  [1m[36mActiveRecord::SchemaMigration Load (0.1ms)[0m  [1m[34mSELECT `schema_migrations`.* FROM `schema_migrations`[0m
Migrating to CreateUsers (20160301020333)
  [1m[35m (83.7ms)[0m  [1m[35mCREATE TABLE `users` (`id` int AUTO_INCREMENT PRIMARY KEY, `name` varchar(255), `email` varchar(255), `login` varchar(255), `created_at` datetime NOT NULL, `updated_at` datetime NOT NULL) ENGINE=InnoDB[0m
  [1m[35m (0.1ms)[0m  [1m[35mBEGIN[0m
  [1m[35mSQL (0.2ms)[0m  [1m[32mINSERT INTO `schema_migrations` (`version`) VALUES ('20160301020333')[0m
  [1m[35m (31.7ms)[0m  [1m[35mCOMMIT[0m
  [1m[36mActiveRecord::InternalMetadata Load (0.2ms)[0m  [1m[34mSELECT  `ar_internal_metadata`.* FROM `ar_internal_metadata` ORDER BY `ar_internal_metadata`.`key` ASC LIMIT 1[0m
  [1m[35m (0.1ms)[0m  [1m[35mBEGIN[0m
  [1m[35m (0.1ms)[0m  [1m[35mCOMMIT[0m
  [1m[35m (0.1ms)[0m  [1m[34mSELECT RELEASE_LOCK('3616389764675319345')[0m
  [1m[36mActiveRecord::SchemaMigration Load (0.2ms)[0m  [1m[34mSELECT `schema_migrations`.* FROM `schema_migrations`[0m
  [1m[35m (0.1ms)[0m  [1m[35mSHOW CREATE TABLE `posts`[0m
  [1m[35m (0.2ms)[0m  [1m[35mSHOW TABLE STATUS LIKE 'posts'[0m
  [1m[35m (0.1ms)[0m  [1m[35mSHOW CREATE TABLE `users`[0m
  [1m[35m (0.2ms)[0m  [1m[35mSHOW TABLE STATUS LIKE 'users'[0m
  [1m[35m (0.2ms)[0m  [1m[34mSELECT fk.referenced_table_name as 'to_table'
      ,fk.referenced_column_name as 'primary_key'
      ,fk.column_name as 'column'
      ,fk.constraint_name as 'name'
FROM information_schema.key_column_usage fk
WHERE fk.referenced_column_name is not null
  AND fk.table_schema = 'sendgird_db'
  AND fk.table_name = 'posts'
[0m
  [1m[35m (0.2ms)[0m  [1m[34mSELECT fk.referenced_table_name as 'to_table'
      ,fk.referenced_column_name as 'primary_key'
      ,fk.column_name as 'column'
      ,fk.constraint_name as 'name'
FROM information_schema.key_column_usage fk
WHERE fk.referenced_column_name is not null
  AND fk.table_schema = 'sendgird_db'
  AND fk.table_name = 'users'
[0m
DEPRECATION WARNING: prepend_before_filter is deprecated and will be removed in Rails 5.1. Use prepend_before_action instead. (called from <top (required)> at /home/tungpham/sendgird_app/config/environment.rb:5)
DEPRECATION WARNING: before_filter is deprecated and will be removed in Rails 5.1. Use before_action instead. (called from <top (required)> at /home/tungpham/sendgird_app/config/environment.rb:5)
DEPRECATION WARNING: after_filter is deprecated and will be removed in Rails 5.1. Use after_action instead. (called from <top (required)> at /home/tungpham/sendgird_app/config/environment.rb:5)
DEPRECATION WARNING: alias_method_chain is deprecated. Please, use Module#prepend instead. From module, you can access the original method using super. (called from <top (required)> at /home/tungpham/sendgird_app/config/environment.rb:5)
  [1m[35m (0.1ms)[0m  [1m[35mBEGIN[0m
  [1m[35mSQL (0.2ms)[0m  [1m[32mINSERT INTO `users` (`name`, `email`, `login`, `created_at`, `updated_at`) VALUES ('Tung', 'phamvantung283@gmail.com', 'hihi', '2016-03-01 02:07:35', '2016-03-01 02:07:35')[0m
  [1m[35m (25.8ms)[0m  [1m[35mCOMMIT[0m
  [1m[35m (0.2ms)[0m  [1m[35mBEGIN[0m
  [1m[35mSQL (0.3ms)[0m  [1m[32mINSERT INTO `users` (`name`, `email`, `login`, `created_at`, `updated_at`) VALUES ('Tung1', 'phamvantung283@gmail.com', 'hihi', '2016-03-01 02:08:45', '2016-03-01 02:08:45')[0m
  [1m[35m (43.0ms)[0m  [1m[35mCOMMIT[0m
DEPRECATION WARNING: prepend_before_filter is deprecated and will be removed in Rails 5.1. Use prepend_before_action instead. (called from <top (required)> at /home/tungpham/sendgird_app/config/environment.rb:5)
DEPRECATION WARNING: before_filter is deprecated and will be removed in Rails 5.1. Use before_action instead. (called from <top (required)> at /home/tungpham/sendgird_app/config/environment.rb:5)
DEPRECATION WARNING: after_filter is deprecated and will be removed in Rails 5.1. Use after_action instead. (called from <top (required)> at /home/tungpham/sendgird_app/config/environment.rb:5)
DEPRECATION WARNING: alias_method_chain is deprecated. Please, use Module#prepend instead. From module, you can access the original method using super. (called from <top (required)> at /home/tungpham/sendgird_app/config/environment.rb:5)
DEPRECATION WARNING: prepend_before_filter is deprecated and will be removed in Rails 5.1. Use prepend_before_action instead. (called from <top (required)> at /home/tungpham/sendgird_app/config/environment.rb:5)
DEPRECATION WARNING: before_filter is deprecated and will be removed in Rails 5.1. Use before_action instead. (called from <top (required)> at /home/tungpham/sendgird_app/config/environment.rb:5)
DEPRECATION WARNING: after_filter is deprecated and will be removed in Rails 5.1. Use after_action instead. (called from <top (required)> at /home/tungpham/sendgird_app/config/environment.rb:5)
DEPRECATION WARNING: alias_method_chain is deprecated. Please, use Module#prepend instead. From module, you can access the original method using super. (called from <top (required)> at /home/tungpham/sendgird_app/config/environment.rb:5)
  [1m[35m (0.1ms)[0m  [1m[35mBEGIN[0m
  [1m[35mSQL (0.3ms)[0m  [1m[32mINSERT INTO `users` (`name`, `email`, `login`, `created_at`, `updated_at`) VALUES ('Tung2', 'phamvantung283@gmail.com', 'hihi', '2016-03-01 02:10:57', '2016-03-01 02:10:57')[0m
  [1m[35m (33.4ms)[0m  [1m[35mCOMMIT[0m
DEPRECATION WARNING: prepend_before_filter is deprecated and will be removed in Rails 5.1. Use prepend_before_action instead. (called from <top (required)> at /home/tungpham/sendgird_app/config/environment.rb:5)
DEPRECATION WARNING: before_filter is deprecated and will be removed in Rails 5.1. Use before_action instead. (called from <top (required)> at /home/tungpham/sendgird_app/config/environment.rb:5)
DEPRECATION WARNING: after_filter is deprecated and will be removed in Rails 5.1. Use after_action instead. (called from <top (required)> at /home/tungpham/sendgird_app/config/environment.rb:5)
DEPRECATION WARNING: alias_method_chain is deprecated. Please, use Module#prepend instead. From module, you can access the original method using super. (called from <top (required)> at /home/tungpham/sendgird_app/config/environment.rb:5)
DEPRECATION WARNING: prepend_before_filter is deprecated and will be removed in Rails 5.1. Use prepend_before_action instead. (called from <top (required)> at /home/tungpham/sendgird_app/config/environment.rb:5)
DEPRECATION WARNING: before_filter is deprecated and will be removed in Rails 5.1. Use before_action instead. (called from <top (required)> at /home/tungpham/sendgird_app/config/environment.rb:5)
DEPRECATION WARNING: after_filter is deprecated and will be removed in Rails 5.1. Use after_action instead. (called from <top (required)> at /home/tungpham/sendgird_app/config/environment.rb:5)
DEPRECATION WARNING: alias_method_chain is deprecated. Please, use Module#prepend instead. From module, you can access the original method using super. (called from <top (required)> at /home/tungpham/sendgird_app/config/environment.rb:5)
DEPRECATION WARNING: prepend_before_filter is deprecated and will be removed in Rails 5.1. Use prepend_before_action instead. (called from <top (required)> at /home/tungpham/sendgird_app/config/environment.rb:5)
DEPRECATION WARNING: before_filter is deprecated and will be removed in Rails 5.1. Use before_action instead. (called from <top (required)> at /home/tungpham/sendgird_app/config/environment.rb:5)
DEPRECATION WARNING: after_filter is deprecated and will be removed in Rails 5.1. Use after_action instead. (called from <top (required)> at /home/tungpham/sendgird_app/config/environment.rb:5)
DEPRECATION WARNING: alias_method_chain is deprecated. Please, use Module#prepend instead. From module, you can access the original method using super. (called from <top (required)> at /home/tungpham/sendgird_app/config/environment.rb:5)
  [1m[35m (0.2ms)[0m  [1m[35mBEGIN[0m
  [1m[35mSQL (0.3ms)[0m  [1m[32mINSERT INTO `users` (`name`, `email`, `login`, `created_at`, `updated_at`) VALUES ('Tung3', 'phamvantung283@gmail.com', 'hihi', '2016-03-01 02:13:32', '2016-03-01 02:13:32')[0m
  [1m[35m (35.2ms)[0m  [1m[35mCOMMIT[0m
DEPRECATION WARNING: prepend_before_filter is deprecated and will be removed in Rails 5.1. Use prepend_before_action instead. (called from <top (required)> at /home/tungpham/sendgird_app/config/environment.rb:5)
DEPRECATION WARNING: before_filter is deprecated and will be removed in Rails 5.1. Use before_action instead. (called from <top (required)> at /home/tungpham/sendgird_app/config/environment.rb:5)
DEPRECATION WARNING: after_filter is deprecated and will be removed in Rails 5.1. Use after_action instead. (called from <top (required)> at /home/tungpham/sendgird_app/config/environment.rb:5)
DEPRECATION WARNING: alias_method_chain is deprecated. Please, use Module#prepend instead. From module, you can access the original method using super. (called from <top (required)> at /home/tungpham/sendgird_app/config/environment.rb:5)
  [1m[35m (0.2ms)[0m  [1m[35mBEGIN[0m
  [1m[35mSQL (0.3ms)[0m  [1m[32mINSERT INTO `users` (`name`, `email`, `login`, `created_at`, `updated_at`) VALUES ('Tung5', 'phamvantung283@gmail.com', 'hihi', '2016-03-01 02:15:49', '2016-03-01 02:15:49')[0m
  [1m[35m (28.6ms)[0m  [1m[35mCOMMIT[0m
DEPRECATION WARNING: prepend_before_filter is deprecated and will be removed in Rails 5.1. Use prepend_before_action instead. (called from <top (required)> at /home/tungpham/sendgird_app/config/environment.rb:5)
DEPRECATION WARNING: before_filter is deprecated and will be removed in Rails 5.1. Use before_action instead. (called from <top (required)> at /home/tungpham/sendgird_app/config/environment.rb:5)
DEPRECATION WARNING: after_filter is deprecated and will be removed in Rails 5.1. Use after_action instead. (called from <top (required)> at /home/tungpham/sendgird_app/config/environment.rb:5)
DEPRECATION WARNING: alias_method_chain is deprecated. Please, use Module#prepend instead. From module, you can access the original method using super. (called from <top (required)> at /home/tungpham/sendgird_app/config/environment.rb:5)
DEPRECATION WARNING: prepend_before_filter is deprecated and will be removed in Rails 5.1. Use prepend_before_action instead. (called from <top (required)> at /home/tungpham/sendgird_app/config/environment.rb:5)
DEPRECATION WARNING: before_filter is deprecated and will be removed in Rails 5.1. Use before_action instead. (called from <top (required)> at /home/tungpham/sendgird_app/config/environment.rb:5)
DEPRECATION WARNING: after_filter is deprecated and will be removed in Rails 5.1. Use after_action instead. (called from <top (required)> at /home/tungpham/sendgird_app/config/environment.rb:5)
DEPRECATION WARNING: alias_method_chain is deprecated. Please, use Module#prepend instead. From module, you can access the original method using super. (called from <top (required)> at /home/tungpham/sendgird_app/config/environment.rb:5)
  [1m[35m (0.1ms)[0m  [1m[35mBEGIN[0m
  [1m[35mSQL (0.3ms)[0m  [1m[32mINSERT INTO `users` (`name`, `email`, `login`, `created_at`, `updated_at`) VALUES ('Tung6', 'phamvantung283@gmail.com', 'hihi', '2016-03-01 02:26:00', '2016-03-01 02:26:00')[0m
  [1m[35m (36.5ms)[0m  [1m[35mCOMMIT[0m
DEPRECATION WARNING: prepend_before_filter is deprecated and will be removed in Rails 5.1. Use prepend_before_action instead. (called from <top (required)> at /home/tungpham/sendgird_app/config/environment.rb:5)
DEPRECATION WARNING: before_filter is deprecated and will be removed in Rails 5.1. Use before_action instead. (called from <top (required)> at /home/tungpham/sendgird_app/config/environment.rb:5)
DEPRECATION WARNING: after_filter is deprecated and will be removed in Rails 5.1. Use after_action instead. (called from <top (required)> at /home/tungpham/sendgird_app/config/environment.rb:5)
DEPRECATION WARNING: alias_method_chain is deprecated. Please, use Module#prepend instead. From module, you can access the original method using super. (called from <top (required)> at /home/tungpham/sendgird_app/config/environment.rb:5)
